2014-06-20 15:32:11.992+0000 INFO  [org.neo4j]: --- INITIALIZED diagnostics START ---
2014-06-20 15:32:12.010+0000 INFO  [org.neo4j]: Neo4j Kernel properties:
    neostore.propertystore.db.mapped_memory=1624M
    read_only=false
    neostore.nodestore.db.mapped_memory=451M
    neostore.relationshipstore.db.mapped_memory=1990M
    neostore.propertystore.db.strings.mapped_memory=1380M
    store_dir=./neo4j/data/graph.db
    neostore.propertystore.db.arrays.mapped_memory=1565M
    ephemeral=false
2014-06-20 15:32:12.018+0000 INFO  [org.neo4j]: Diagnostics providers:
    org.neo4j.kernel.configuration.Config
    org.neo4j.kernel.info.DiagnosticsManager
    SYSTEM_MEMORY
    JAVA_MEMORY
    OPERATING_SYSTEM
    JAVA_VIRTUAL_MACHINE
    CLASSPATH
    LIBRARY_PATH
    SYSTEM_PROPERTIES
    LINUX_SCHEDULERS
    NETWORK
2014-06-20 15:32:12.018+0000 INFO  [org.neo4j]: System memory information:
    Total Physical memory: 19.60 GB
    Free Physical memory: 18.07 GB
    Committed virtual memory: 6.38 GB
    Total swap space: 16.00 GB
    Free swap space: 16.00 GB
2014-06-20 15:32:12.024+0000 INFO  [org.neo4j]: JVM memory information:
    Free  memory: 288.30 MB
    Total memory: 301.00 MB
    Max   memory: 4.36 GB
    Garbage Collector: PS Scavenge: [PS Eden Space, PS Survivor Space]
    Garbage Collector: PS MarkSweep: [PS Eden Space, PS Survivor Space, PS Old Gen, PS Perm Gen]
    Memory Pool: Code Cache (Non-heap memory): committed=2.44 MB, used=453.00 kB, max=48.00 MB, threshold=0.00 B
    Memory Pool: PS Eden Space (Heap memory): committed=79.00 MB, used=12.70 MB, max=1.61 GB, threshold=?
    Memory Pool: PS Survivor Space (Heap memory): committed=13.00 MB, used=0.00 B, max=13.00 MB, threshold=?
    Memory Pool: PS Old Gen (Heap memory): committed=209.00 MB, used=0.00 B, max=3.27 GB, threshold=0.00 B
    Memory Pool: PS Perm Gen (Non-heap memory): committed=21.00 MB, used=6.12 MB, max=82.00 MB, threshold=0.00 B
2014-06-20 15:32:12.029+0000 INFO  [org.neo4j]: Operating system information:
    Operating System: Linux; version: 3.13.0-29-generic; arch: amd64; cpus: 8
    Max number of file descriptors: 4096
    Number of open file descriptors: 24
    Process id: 3674@ubuntu
    Byte order: LITTLE_ENDIAN
    Local timezone: Europe/Rome
2014-06-20 15:32:12.037+0000 INFO  [org.neo4j]: JVM information:
    VM Name: Java HotSpot(TM) 64-Bit Server VM
    VM Vendor: Oracle Corporation
    VM Version: 24.45-b08
    JIT compiler: HotSpot 64-Bit Tiered Compilers
    VM Arguments: [-Dapp.name=neo4j-shell, -Dapp.pid=3674, -Dapp.repo=/home/pdipietro/gsn/neo4j/lib, -Dbasedir=/home/pdipietro/gsn/neo4j, -Dfile.encoding=UTF-8]
2014-06-20 15:32:12.038+0000 INFO  [org.neo4j]: Java classpath:
     [classpath + loader.0] file:/home/pdipietro/gsn/neo4j/lib/neo4j-graph-algo-2.0.0.jar
     [classpath + loader.0] file:/home/pdipietro/gsn/neo4j/lib/parboiled-scala_2.10-1.1.6.jar
     [bootstrap] /usr/lib/jvm/jdk1.7.0_45/jre/lib/charsets.jar
     [classpath + loader.0] file:/home/pdipietro/gsn/neo4j/lib/neo4j-jmx-2.0.0.jar
     [bootstrap] /usr/lib/jvm/jdk1.7.0_45/jre/lib/sunrsasign.jar
     [loader.1] file:/usr/lib/jvm/jdk1.7.0_45/jre/lib/ext/sunec.jar
     [loader.1] file:/usr/lib/jvm/jdk1.7.0_45/jre/lib/ext/localedata.jar
     [loader.1] file:/usr/lib/jvm/jdk1.7.0_45/jre/lib/ext/dnsns.jar
     [classpath + loader.0] file:/home/pdipietro/gsn/neo4j/lib/neo4j-cypher-compiler-2.0-2.0.0.jar
     [classpath + loader.0] file:/home/pdipietro/gsn/neo4j/lib/neo4j-cypher-commons-2.0.0.jar
     [classpath + loader.0] file:/home/pdipietro/gsn/neo4j/lib/neo4j-cypher-compiler-1.9-2.0.0.jar
     [bootstrap] /usr/lib/jvm/jdk1.7.0_45/jre/lib/jsse.jar
     [classpath + loader.0] file:/home/pdipietro/gsn/neo4j/lib/neo4j-kernel-2.0.0.jar
     [classpath + loader.0] file:/home/pdipietro/gsn/neo4j/lib/concurrentlinkedhashmap-lru-1.3.1.jar
     [loader.1] file:/usr/lib/jvm/jdk1.7.0_45/jre/lib/ext/sunjce_provider.jar
     [classpath + loader.0] file:/home/pdipietro/gsn/neo4j/lib/scala-library-2.10.3.jar
     [loader.1] file:/usr/lib/jvm/jdk1.7.0_45/jre/lib/ext/zipfs.jar
     [classpath + loader.0] file:/home/pdipietro/gsn/neo4j/lib/geronimo-jta_1.1_spec-1.1.1.jar
     [bootstrap] /usr/lib/jvm/jdk1.7.0_45/jre/lib/rt.jar
     [bootstrap] /usr/lib/jvm/jdk1.7.0_45/jre/lib/jce.jar
     [classpath + loader.0] file:/home/pdipietro/gsn/
     [classpath + loader.0] file:/home/pdipietro/gsn/neo4j/lib/parboiled-core-1.1.6.jar
     [classpath + loader.0] file:/home/pdipietro/gsn/neo4j/lib/neo4j-cypher-2.0.0.jar
     [bootstrap] /usr/lib/jvm/jdk1.7.0_45/jre/lib/resources.jar
     [classpath + loader.0] file:/home/pdipietro/gsn/neo4j/lib/neo4j-udc-2.0.0.jar
     [classpath + loader.0] file:/home/pdipietro/gsn/neo4j/lib/neo4j-shell-2.0.0.jar
     [classpath + loader.0] file:/home/pdipietro/gsn/neo4j/lib/lucene-core-3.6.2.jar
     [classpath + loader.0] file:/home/pdipietro/gsn/neo4j/lib/org.apache.servicemix.bundles.jline-0.9.94_1.jar
     [bootstrap] /usr/lib/jvm/jdk1.7.0_45/jre/classes
     [loader.1] file:/usr/lib/jvm/jdk1.7.0_45/jre/lib/ext/sunpkcs11.jar
     [classpath + loader.0] file:/home/pdipietro/gsn/neo4j/lib/neo4j-graph-matching-2.0.0.jar
     [classpath + loader.0] file:/home/pdipietro/gsn/neo4j/lib/server-api-2.0.0.jar
     [bootstrap] /usr/lib/jvm/jdk1.7.0_45/jre/lib/jfr.jar
     [classpath + loader.0] file:/home/pdipietro/gsn/neo4j/lib/neo4j-lucene-index-2.0.0.jar
2014-06-20 15:32:12.041+0000 INFO  [org.neo4j]: Library path:
    /usr/java/packages/lib/amd64
    /usr/lib64
    /lib64
    /lib
    /usr/lib
2014-06-20 15:32:12.041+0000 INFO  [org.neo4j]: System.properties:
    sun.boot.library.path = /usr/lib/jvm/jdk1.7.0_45/jre/lib/amd64
    path.separator = :
    file.encoding.pkg = sun.io
    user.country = US
    sun.java.launcher = SUN_STANDARD
    sun.os.patch.level = unknown
    user.dir = /home/pdipietro/gsn
    basedir = /home/pdipietro/gsn/neo4j
    app.name = neo4j-shell
    sun.jnu.encoding = UTF-8
    app.repo = /home/pdipietro/gsn/neo4j/lib
    sun.management.compiler = HotSpot 64-Bit Tiered Compilers
    user.home = /root
    user.timezone = Europe/Rome
    file.encoding = UTF-8
    user.name = root
    sun.java.command = org.neo4j.shell.StartClient neo4j.properties -path ./neo4j/data/graph.db
    sun.arch.data.model = 64
    user.language = en
    awt.toolkit = sun.awt.X11.XToolkit
    file.separator = /
    sun.io.unicode.encoding = UnicodeLittle
    sun.cpu.endian = little
    app.pid = 3674
    sun.cpu.isalist = 
2014-06-20 15:32:12.042+0000 INFO  [org.neo4j]: Linux scheduler information:
    noop [deadline] cfq 
    noop [deadline] cfq 
    noop [deadline] cfq 
    none
    none
    none
    none
    none
    none
    none
    none
    none
    none
    none
    none
    none
    none
    none
    none
    none
    none
    none
    none
    none
    none
    none
    none
2014-06-20 15:32:12.049+0000 INFO  [org.neo4j]: Network information:
    Interface eth0:
        address: fe80:0:0:0:20c:29ff:fe35:db3d%2
        address: 192.168.10.187
    Interface lo:
        address: 0:0:0:0:0:0:0:1%1
        address: 127.0.0.1
2014-06-20 15:32:12.050+0000 INFO  [org.neo4j]: --- INITIALIZED diagnostics END ---
2014-06-20 15:32:12.275+0000 INFO  [org.neo4j]: Creating new db @ ./neo4j/data/graph.db/neostore
2014-06-20 15:32:12.446+0000 INFO  [org.neo4j]: [./neo4j/data/graph.db/neostore.relationshiptypestore.db.names] brickCount=0 brickSize=0b mappedMem=0b (storeSize=38b)
2014-06-20 15:32:12.448+0000 INFO  [org.neo4j]: [./neo4j/data/graph.db/neostore.relationshiptypestore.db] brickCount=0 brickSize=0b mappedMem=0b (storeSize=0b)
2014-06-20 15:32:12.453+0000 INFO  [org.neo4j]: ./neo4j/data/graph.db/neostore.relationshiptypestore.db.names hit=0 miss=0 switches=0 ooe=0
2014-06-20 15:32:12.461+0000 INFO  [org.neo4j]: ./neo4j/data/graph.db/neostore.relationshiptypestore.db hit=0 miss=0 switches=0 ooe=0
2014-06-20 15:32:12.493+0000 INFO  [org.neo4j]: [./neo4j/data/graph.db/neostore.labeltokenstore.db.names] brickCount=0 brickSize=0b mappedMem=0b (storeSize=38b)
2014-06-20 15:32:12.494+0000 INFO  [org.neo4j]: [./neo4j/data/graph.db/neostore.labeltokenstore.db] brickCount=0 brickSize=0b mappedMem=0b (storeSize=0b)
2014-06-20 15:32:12.500+0000 INFO  [org.neo4j]: ./neo4j/data/graph.db/neostore.labeltokenstore.db.names hit=0 miss=0 switches=0 ooe=0
2014-06-20 15:32:12.507+0000 INFO  [org.neo4j]: ./neo4j/data/graph.db/neostore.labeltokenstore.db hit=0 miss=0 switches=0 ooe=0
2014-06-20 15:32:12.531+0000 INFO  [org.neo4j]: [./neo4j/data/graph.db/neostore.relationshiptypestore.db.names] brickCount=0 brickSize=0b mappedMem=0b (storeSize=38b)
2014-06-20 15:32:12.531+0000 INFO  [org.neo4j]: [./neo4j/data/graph.db/neostore.relationshiptypestore.db] brickCount=0 brickSize=0b mappedMem=0b (storeSize=0b)
2014-06-20 15:32:12.532+0000 INFO  [org.neo4j]: [./neo4j/data/graph.db/neostore.labeltokenstore.db.names] brickCount=0 brickSize=0b mappedMem=0b (storeSize=38b)
2014-06-20 15:32:12.533+0000 INFO  [org.neo4j]: [./neo4j/data/graph.db/neostore.labeltokenstore.db] brickCount=0 brickSize=0b mappedMem=0b (storeSize=0b)
2014-06-20 15:32:12.533+0000 INFO  [org.neo4j]: [./neo4j/data/graph.db/neostore.propertystore.db.strings] brickCount=0 brickSize=1446912b mappedMem=1447034880b (storeSize=128b)
2014-06-20 15:32:12.534+0000 INFO  [org.neo4j]: [./neo4j/data/graph.db/neostore.propertystore.db.index.keys] brickCount=0 brickSize=0b mappedMem=0b (storeSize=38b)
2014-06-20 15:32:12.536+0000 INFO  [org.neo4j]: [./neo4j/data/graph.db/neostore.propertystore.db.index] brickCount=0 brickSize=0b mappedMem=0b (storeSize=0b)
2014-06-20 15:32:12.536+0000 INFO  [org.neo4j]: [./neo4j/data/graph.db/neostore.propertystore.db.arrays] brickCount=0 brickSize=1640960b mappedMem=1641021440b (storeSize=128b)
2014-06-20 15:32:12.540+0000 INFO  [org.neo4j]: [./neo4j/data/graph.db/neostore.propertystore.db] brickCount=0 brickSize=17028858b mappedMem=1702887424b (storeSize=0b)
2014-06-20 15:32:12.544+0000 INFO  [org.neo4j]: [./neo4j/data/graph.db/neostore.relationshipstore.db] brickCount=0 brickSize=20866659b mappedMem=2086666240b (storeSize=0b)
2014-06-20 15:32:12.545+0000 INFO  [org.neo4j]: [./neo4j/data/graph.db/neostore.nodestore.db.labels] brickCount=0 brickSize=0b mappedMem=0b (storeSize=68b)
2014-06-20 15:32:12.547+0000 INFO  [org.neo4j]: [./neo4j/data/graph.db/neostore.nodestore.db] brickCount=0 brickSize=4729074b mappedMem=472907776b (storeSize=0b)
2014-06-20 15:32:12.548+0000 INFO  [org.neo4j]: [./neo4j/data/graph.db/neostore.schemastore.db] brickCount=0 brickSize=0b mappedMem=0b (storeSize=64b)
2014-06-20 15:32:12.549+0000 INFO  [org.neo4j]: [./neo4j/data/graph.db/neostore] brickCount=0 brickSize=0b mappedMem=0b (storeSize=0b)
2014-06-20 15:32:12.567+0000 INFO  [org.neo4j]: ./neo4j/data/graph.db/neostore.relationshiptypestore.db.names hit=0 miss=0 switches=0 ooe=0
2014-06-20 15:32:12.573+0000 INFO  [org.neo4j]: ./neo4j/data/graph.db/neostore.relationshiptypestore.db hit=0 miss=0 switches=0 ooe=0
2014-06-20 15:32:12.581+0000 INFO  [org.neo4j]: ./neo4j/data/graph.db/neostore.labeltokenstore.db.names hit=0 miss=0 switches=0 ooe=0
2014-06-20 15:32:12.586+0000 INFO  [org.neo4j]: ./neo4j/data/graph.db/neostore.labeltokenstore.db hit=0 miss=0 switches=0 ooe=0
2014-06-20 15:32:12.597+0000 INFO  [org.neo4j]: ./neo4j/data/graph.db/neostore.propertystore.db.strings hit=0 miss=0 switches=0 ooe=0
2014-06-20 15:32:12.603+0000 INFO  [org.neo4j]: ./neo4j/data/graph.db/neostore.propertystore.db.index.keys hit=0 miss=0 switches=0 ooe=0
2014-06-20 15:32:12.612+0000 INFO  [org.neo4j]: ./neo4j/data/graph.db/neostore.propertystore.db.index hit=0 miss=0 switches=0 ooe=0
2014-06-20 15:32:12.622+0000 INFO  [org.neo4j]: ./neo4j/data/graph.db/neostore.propertystore.db.arrays hit=0 miss=0 switches=0 ooe=0
2014-06-20 15:32:12.637+0000 INFO  [org.neo4j]: ./neo4j/data/graph.db/neostore.propertystore.db hit=0 miss=0 switches=0 ooe=0
2014-06-20 15:32:12.644+0000 INFO  [org.neo4j]: ./neo4j/data/graph.db/neostore.relationshipstore.db hit=0 miss=0 switches=0 ooe=0
2014-06-20 15:32:12.650+0000 INFO  [org.neo4j]: ./neo4j/data/graph.db/neostore.nodestore.db.labels hit=0 miss=0 switches=0 ooe=0
2014-06-20 15:32:12.658+0000 INFO  [org.neo4j]: ./neo4j/data/graph.db/neostore.nodestore.db hit=0 miss=0 switches=0 ooe=0
2014-06-20 15:32:12.665+0000 INFO  [org.neo4j]: ./neo4j/data/graph.db/neostore.schemastore.db hit=0 miss=0 switches=0 ooe=0
2014-06-20 15:32:12.674+0000 INFO  [org.neo4j]: ./neo4j/data/graph.db/neostore hit=0 miss=8 switches=0 ooe=0
2014-06-20 15:32:12.685+0000 INFO  [org.neo4j]: [./neo4j/data/graph.db/neostore.relationshiptypestore.db.names] brickCount=0 brickSize=0b mappedMem=0b (storeSize=38b)
2014-06-20 15:32:12.686+0000 INFO  [org.neo4j]: [./neo4j/data/graph.db/neostore.relationshiptypestore.db] brickCount=0 brickSize=0b mappedMem=0b (storeSize=0b)
2014-06-20 15:32:12.686+0000 INFO  [org.neo4j]: [./neo4j/data/graph.db/neostore.labeltokenstore.db.names] brickCount=0 brickSize=0b mappedMem=0b (storeSize=38b)
2014-06-20 15:32:12.687+0000 INFO  [org.neo4j]: [./neo4j/data/graph.db/neostore.labeltokenstore.db] brickCount=0 brickSize=0b mappedMem=0b (storeSize=0b)
2014-06-20 15:32:12.687+0000 INFO  [org.neo4j]: [./neo4j/data/graph.db/neostore.propertystore.db.strings] brickCount=0 brickSize=1446912b mappedMem=1447034880b (storeSize=128b)
2014-06-20 15:32:12.688+0000 INFO  [org.neo4j]: [./neo4j/data/graph.db/neostore.propertystore.db.index.keys] brickCount=0 brickSize=0b mappedMem=0b (storeSize=38b)
2014-06-20 15:32:12.688+0000 INFO  [org.neo4j]: [./neo4j/data/graph.db/neostore.propertystore.db.index] brickCount=0 brickSize=0b mappedMem=0b (storeSize=0b)
2014-06-20 15:32:12.689+0000 INFO  [org.neo4j]: [./neo4j/data/graph.db/neostore.propertystore.db.arrays] brickCount=0 brickSize=1640960b mappedMem=1641021440b (storeSize=128b)
2014-06-20 15:32:12.689+0000 INFO  [org.neo4j]: [./neo4j/data/graph.db/neostore.propertystore.db] brickCount=0 brickSize=17028858b mappedMem=1702887424b (storeSize=0b)
2014-06-20 15:32:12.690+0000 INFO  [org.neo4j]: [./neo4j/data/graph.db/neostore.relationshipstore.db] brickCount=0 brickSize=20866659b mappedMem=2086666240b (storeSize=0b)
2014-06-20 15:32:12.690+0000 INFO  [org.neo4j]: [./neo4j/data/graph.db/neostore.nodestore.db.labels] brickCount=0 brickSize=0b mappedMem=0b (storeSize=68b)
2014-06-20 15:32:12.691+0000 INFO  [org.neo4j]: [./neo4j/data/graph.db/neostore.nodestore.db] brickCount=0 brickSize=4729074b mappedMem=472907776b (storeSize=0b)
2014-06-20 15:32:12.691+0000 INFO  [org.neo4j]: [./neo4j/data/graph.db/neostore.schemastore.db] brickCount=0 brickSize=0b mappedMem=0b (storeSize=64b)
2014-06-20 15:32:12.692+0000 INFO  [org.neo4j]: [./neo4j/data/graph.db/neostore] brickCount=0 brickSize=0b mappedMem=0b (storeSize=63b)
2014-06-20 15:32:12.758+0000 INFO  [org.neo4j]: No lucene scan store index found, this might just be first use. Preparing to rebuild.
2014-06-20 15:32:12.789+0000 INFO  [org.neo4j]: No lucene scan store index found, this might just be first use. Preparing to rebuild.
2014-06-20 15:32:12.923+0000 INFO  [org.neo4j]: Opened logical log [./neo4j/data/graph.db/nioneo_logical.log.1] version=0, lastTxId=1 (clean)
2014-06-20 15:32:12.937+0000 INFO  [org.neo4j]: Rebuilding lucene scan store, this may take a while
2014-06-20 15:32:12.938+0000 INFO  [org.neo4j]: Lucene scan store rebuilt (roughly -1 nodes)
2014-06-20 15:32:12.941+0000 INFO  [org.neo4j]: TM new log: tm_tx_log.1
2014-06-20 15:32:12.968+0000 INFO  [org.neo4j]: Opened logical log [./neo4j/data/graph.db/index/lucene.log.1] version=0, lastTxId=1 (clean)
2014-06-20 15:32:12.977+0000 INFO  [org.neo4j]: --- STARTED diagnostics for KernelDiagnostics:Versions START ---
2014-06-20 15:32:12.977+0000 INFO  [org.neo4j]: Graph Database: org.neo4j.kernel.EmbeddedGraphDatabase StoreId[time:1403278332285, id:-6765293352000905947, store version: 13843131341501958]
2014-06-20 15:32:12.978+0000 INFO  [org.neo4j]: Kernel version: Neo4j - Graph Database Kernel (neo4j-kernel), version: 2.0.0
2014-06-20 15:32:12.978+0000 INFO  [org.neo4j]: Neo4j component versions:
2014-06-20 15:32:12.987+0000 INFO  [org.neo4j]:   Neo4j - Lucene Index (neo4j-lucene-index), version: 2.0.0; revision: 2.0.0:master:601/5cfc38672446b92062b3bc209d584591968f1a0f
2014-06-20 15:32:12.987+0000 INFO  [org.neo4j]:   Neo4j - JMX support (neo4j-jmx), version: 2.0.0; revision: 2.0.0:master:601/5cfc38672446b92062b3bc209d584591968f1a0f
2014-06-20 15:32:12.987+0000 INFO  [org.neo4j]:   Neo4j - Graph Matching (neo4j-graph-matching), version: 2.0.0; revision: 2.0.0:master:601/5cfc38672446b92062b3bc209d584591968f1a0f
2014-06-20 15:32:12.987+0000 INFO  [org.neo4j]:   Neo4j Server API (server-api), version: 2.0.0; revision: 2.0.0:master:601/5cfc38672446b92062b3bc209d584591968f1a0f
2014-06-20 15:32:12.987+0000 INFO  [org.neo4j]:   Neo4j - Graph Database Kernel (neo4j-kernel), version: 2.0.0; revision: 2.0.0:master:601/5cfc38672446b92062b3bc209d584591968f1a0f
2014-06-20 15:32:12.987+0000 INFO  [org.neo4j]:   Neo4j - Cypher (neo4j-cypher), version: 2.0.0; revision: 2.0.0:master:601/5cfc38672446b92062b3bc209d584591968f1a0f
2014-06-20 15:32:12.988+0000 INFO  [org.neo4j]:   Neo4j - Graph Algorithms (neo4j-graph-algo), version: 2.0.0; revision: 2.0.0:master:601/5cfc38672446b92062b3bc209d584591968f1a0f
2014-06-20 15:32:12.988+0000 INFO  [org.neo4j]:   Neo4j - Cypher Compiler 2.0 (neo4j-cypher-compiler-2.0), version: 2.0.0; revision: 2.0.0:master:601/5cfc38672446b92062b3bc209d584591968f1a0f
2014-06-20 15:32:12.988+0000 INFO  [org.neo4j]:   Neo4j - Generic shell (neo4j-shell), version: 2.0.0; revision: 2.0.0:master:601/5cfc38672446b92062b3bc209d584591968f1a0f
2014-06-20 15:32:12.988+0000 INFO  [org.neo4j]:   Neo4j - Cypher Compiler 1.9 (neo4j-cypher-compiler-1.9), version: 2.0.0; revision: 2.0.0:master:601/5cfc38672446b92062b3bc209d584591968f1a0f
2014-06-20 15:32:12.988+0000 INFO  [org.neo4j]:   neo4j-udc, version: 2.0.0; revision: 2.0.0:master:601/5cfc38672446b92062b3bc209d584591968f1a0f
2014-06-20 15:32:12.988+0000 INFO  [org.neo4j]:   Neo4j - Cypher Commons (neo4j-cypher-commons), version: 2.0.0; revision: 2.0.0:master:601/5cfc38672446b92062b3bc209d584591968f1a0f
2014-06-20 15:32:12.988+0000 INFO  [org.neo4j]: --- STARTED diagnostics for KernelDiagnostics:Versions END ---
2014-06-20 15:32:12.992+0000 INFO  [org.neo4j]: --- STARTED diagnostics for NEO_STORE_VERSIONS START ---
2014-06-20 15:32:12.993+0000 INFO  [org.neo4j]: Store versions:
    Store versions:
      NeoStore v0.A.1
      SchemaStore v0.A.1
      NodeStore v0.A.1
      RelationshipStore v0.A.1
      RelationshipTypeStore v0.A.1
      LabelTokenStore v0.A.1
      PropertyStore v0.A.1
      PropertyIndexStore v0.A.1
      StringPropertyStore v0.A.1
      ArrayPropertyStore v0.A.1
2014-06-20 15:32:12.993+0000 INFO  [org.neo4j]: --- STARTED diagnostics for NEO_STORE_VERSIONS END ---
2014-06-20 15:32:12.993+0000 INFO  [org.neo4j]: --- STARTED diagnostics for NEO_STORE_ID_USAGE START ---
2014-06-20 15:32:12.993+0000 INFO  [org.neo4j]: Id usage:
    Id usage:
      SchemaStore: used=1 high=0
      NodeStore: used=0 high=-1
      RelationshipStore: used=0 high=-1
      RelationshipTypeStore: used=0 high=-1
      LabelTokenStore: used=0 high=-1
      PropertyStore: used=0 high=-1
      PropertyIndexStore: used=0 high=-1
      StringPropertyStore: used=1 high=0
      ArrayPropertyStore: used=1 high=0
2014-06-20 15:32:12.995+0000 INFO  [org.neo4j]: --- STARTED diagnostics for NEO_STORE_ID_USAGE END ---
2014-06-20 15:32:12.995+0000 INFO  [org.neo4j]: --- STARTED diagnostics for PERSISTENCE_WINDOW_POOL_STATS START ---
2014-06-20 15:32:12.995+0000 INFO  [org.neo4j]: --- STARTED diagnostics for PERSISTENCE_WINDOW_POOL_STATS END ---
2014-06-20 15:32:12.996+0000 INFO  [org.neo4j]: --- STARTED diagnostics for KernelDiagnostics:StoreFiles START ---
2014-06-20 15:32:12.996+0000 INFO  [org.neo4j]: Disk space on partition (Total / Free / Free %): 25230176256 / 13060952064 / 51
Storage files: (filename : modification date - size)
      neostore.propertystore.db.index.id: 2014-06-20T17:32:12+0200 - 9.00 B
      neostore.labeltokenstore.db.names.id: 2014-06-20T17:32:12+0200 - 9.00 B
      neostore.propertystore.db.index: 2014-06-20T17:32:12+0200 - 0.00 B
      neostore.nodestore.db.labels.id: 2014-06-20T17:32:12+0200 - 9.00 B
      neostore.propertystore.db.index.keys: 2014-06-20T17:32:12+0200 - 38.00 B
      tm_tx_log.1: 2014-06-20T17:32:12+0200 - 0.00 B
      lock: 2014-06-20T17:32:12+0200 - 0.00 B
      neostore.propertystore.db.arrays.id: 2014-06-20T17:32:12+0200 - 9.00 B
      neostore.nodestore.db.id: 2014-06-20T17:32:12+0200 - 9.00 B
      nioneo_logical.log.1: 2014-06-20T17:32:12+0200 - 16.00 B
      neostore.relationshiptypestore.db.names: 2014-06-20T17:32:12+0200 - 38.00 B
      neostore.propertystore.db: 2014-06-20T17:32:12+0200 - 0.00 B
      nioneo_logical.log.active: 2014-06-20T17:32:12+0200 - 4.00 B
      neostore.schemastore.db.id: 2014-06-20T17:32:12+0200 - 9.00 B
      neostore.relationshiptypestore.db.names.id: 2014-06-20T17:32:12+0200 - 9.00 B
      neostore: 2014-06-20T17:32:12+0200 - 63.00 B
      active_tx_log: 2014-06-20T17:32:12+0200 - 11.00 B
      neostore.propertystore.db.strings: 2014-06-20T17:32:12+0200 - 128.00 B
      neostore.propertystore.db.arrays: 2014-06-20T17:32:12+0200 - 128.00 B
      schema:
        label:
          lucene:
            write.lock: 2014-06-20T17:32:12+0200 - 0.00 B
          - Total: 2014-06-20T17:32:12+0200 - 0.00 B
        - Total: 2014-06-20T17:32:12+0200 - 0.00 B
      - Total: 2014-06-20T17:32:12+0200 - 0.00 B
      store_lock: 2014-06-20T17:32:12+0200 - 0.00 B
      neostore.relationshiptypestore.db: 2014-06-20T17:32:12+0200 - 0.00 B
      neostore.propertystore.db.id: 2014-06-20T17:32:12+0200 - 9.00 B
      neostore.labeltokenstore.db.names: 2014-06-20T17:32:12+0200 - 38.00 B
      neostore.propertystore.db.strings.id: 2014-06-20T17:32:12+0200 - 9.00 B
      neostore.relationshipstore.db: 2014-06-20T17:32:12+0200 - 0.00 B
      neostore.labeltokenstore.db.id: 2014-06-20T17:32:12+0200 - 9.00 B
      neostore.labeltokenstore.db: 2014-06-20T17:32:12+0200 - 0.00 B
      neostore.nodestore.db.labels: 2014-06-20T17:32:12+0200 - 68.00 B
      messages.log: 2014-06-20T17:32:12+0200 - 18.98 kB
      neostore.propertystore.db.index.keys.id: 2014-06-20T17:32:12+0200 - 9.00 B
      neostore.relationshiptypestore.db.id: 2014-06-20T17:32:12+0200 - 9.00 B
      neostore.id: 2014-06-20T17:32:12+0200 - 9.00 B
      neostore.nodestore.db: 2014-06-20T17:32:12+0200 - 0.00 B
      neostore.relationshipstore.db.id: 2014-06-20T17:32:12+0200 - 9.00 B
      index:
        lucene-store.db: 2014-06-20T17:32:12+0200 - 40.00 B
        lucene.log.1: 2014-06-20T17:32:12+0200 - 16.00 B
        lucene.log.active: 2014-06-20T17:32:12+0200 - 4.00 B
      - Total: 2014-06-20T17:32:12+0200 - 60.00 B
      neostore.schemastore.db: 2014-06-20T17:32:12+0200 - 64.00 B
2014-06-20 15:32:13.015+0000 INFO  [org.neo4j]: --- STARTED diagnostics for KernelDiagnostics:StoreFiles END ---
2014-06-20 15:32:13.061+0000 INFO  [org.neo4j]: GC Monitor started. 
2014-06-20 15:32:13.061+0000 INFO  [org.neo4j]: Database is now ready
2014-06-20 15:32:25.170+0000 INFO  [org.neo4j]: Shutdown started
2014-06-20 15:32:25.171+0000 INFO  [org.neo4j]: Database is now unavailable
2014-06-20 15:32:25.174+0000 INFO  [org.neo4j]: GC Monitor stopped. 
2014-06-20 15:32:25.179+0000 INFO  [org.neo4j]: Closed log ./neo4j/data/graph.db/index/lucene.log
2014-06-20 15:32:25.184+0000 INFO  [org.neo4j]: TM shutting down
2014-06-20 15:32:25.315+0000 INFO  [org.neo4j]: Closed log ./neo4j/data/graph.db/nioneo_logical.log
2014-06-20 15:32:25.319+0000 INFO  [org.neo4j]: ./neo4j/data/graph.db/neostore.relationshiptypestore.db.names hit=0 miss=21 switches=0 ooe=0
2014-06-20 15:32:25.327+0000 INFO  [org.neo4j]: ./neo4j/data/graph.db/neostore.relationshiptypestore.db hit=0 miss=21 switches=0 ooe=0
2014-06-20 15:32:25.337+0000 INFO  [org.neo4j]: ./neo4j/data/graph.db/neostore.labeltokenstore.db.names hit=0 miss=51 switches=0 ooe=0
2014-06-20 15:32:25.345+0000 INFO  [org.neo4j]: ./neo4j/data/graph.db/neostore.labeltokenstore.db hit=0 miss=51 switches=0 ooe=0
2014-06-20 15:32:25.356+0000 INFO  [org.neo4j]: ./neo4j/data/graph.db/neostore.propertystore.db.strings hit=5 miss=0 switches=0 ooe=0
2014-06-20 15:32:25.363+0000 INFO  [org.neo4j]: ./neo4j/data/graph.db/neostore.propertystore.db.index.keys hit=0 miss=30 switches=0 ooe=0
2014-06-20 15:32:25.372+0000 INFO  [org.neo4j]: ./neo4j/data/graph.db/neostore.propertystore.db.index hit=0 miss=30 switches=0 ooe=0
2014-06-20 15:32:25.388+0000 INFO  [org.neo4j]: ./neo4j/data/graph.db/neostore.propertystore.db.arrays hit=1 miss=0 switches=0 ooe=0
2014-06-20 15:32:25.397+0000 INFO  [org.neo4j]: ./neo4j/data/graph.db/neostore.propertystore.db hit=873 miss=0 switches=0 ooe=0
2014-06-20 15:32:25.403+0000 INFO  [org.neo4j]: ./neo4j/data/graph.db/neostore.relationshipstore.db hit=735 miss=0 switches=0 ooe=0
2014-06-20 15:32:25.411+0000 INFO  [org.neo4j]: ./neo4j/data/graph.db/neostore.nodestore.db.labels hit=0 miss=0 switches=0 ooe=0
2014-06-20 15:32:25.418+0000 INFO  [org.neo4j]: ./neo4j/data/graph.db/neostore.nodestore.db hit=614 miss=0 switches=0 ooe=0
2014-06-20 15:32:25.430+0000 INFO  [org.neo4j]: ./neo4j/data/graph.db/neostore.schemastore.db hit=0 miss=0 switches=0 ooe=0
2014-06-20 15:32:25.438+0000 INFO  [org.neo4j]: ./neo4j/data/graph.db/neostore hit=0 miss=121 switches=0 ooe=0
2014-06-20 15:32:25.450+0000 INFO  [org.neo4j]: NeoStore closed
2014-06-20 15:32:25.450+0000 INFO  [org.neo4j]: --- STOPPING diagnostics START ---
2014-06-20 15:32:25.451+0000 INFO  [org.neo4j]: --- STOPPING diagnostics END ---
2014-06-20 15:32:25.988+0000 INFO  [org.neo4j]: --- INITIALIZED diagnostics START ---
2014-06-20 15:32:26.005+0000 INFO  [org.neo4j]: Neo4j Kernel properties:
    neostore.propertystore.db.mapped_memory=1624M
    read_only=false
    neostore.nodestore.db.mapped_memory=451M
    neostore.relationshipstore.db.mapped_memory=1990M
    neostore.propertystore.db.strings.mapped_memory=1380M
    store_dir=./neo4j/data/graph.db
    neostore.propertystore.db.arrays.mapped_memory=1565M
    ephemeral=false
2014-06-20 15:32:26.013+0000 INFO  [org.neo4j]: Diagnostics providers:
    org.neo4j.kernel.configuration.Config
    org.neo4j.kernel.info.DiagnosticsManager
    SYSTEM_MEMORY
    JAVA_MEMORY
    OPERATING_SYSTEM
    JAVA_VIRTUAL_MACHINE
    CLASSPATH
    LIBRARY_PATH
    SYSTEM_PROPERTIES
    LINUX_SCHEDULERS
    NETWORK
2014-06-20 15:32:26.014+0000 INFO  [org.neo4j]: System memory information:
    Total Physical memory: 19.60 GB
    Free Physical memory: 18.07 GB
    Committed virtual memory: 6.38 GB
    Total swap space: 16.00 GB
    Free swap space: 16.00 GB
2014-06-20 15:32:26.019+0000 INFO  [org.neo4j]: JVM memory information:
    Free  memory: 288.28 MB
    Total memory: 301.00 MB
    Max   memory: 4.36 GB
    Garbage Collector: PS Scavenge: [PS Eden Space, PS Survivor Space]
    Garbage Collector: PS MarkSweep: [PS Eden Space, PS Survivor Space, PS Old Gen, PS Perm Gen]
    Memory Pool: Code Cache (Non-heap memory): committed=2.44 MB, used=453.00 kB, max=48.00 MB, threshold=0.00 B
    Memory Pool: PS Eden Space (Heap memory): committed=79.00 MB, used=12.72 MB, max=1.61 GB, threshold=?
    Memory Pool: PS Survivor Space (Heap memory): committed=13.00 MB, used=0.00 B, max=13.00 MB, threshold=?
    Memory Pool: PS Old Gen (Heap memory): committed=209.00 MB, used=0.00 B, max=3.27 GB, threshold=0.00 B
    Memory Pool: PS Perm Gen (Non-heap memory): committed=21.00 MB, used=6.12 MB, max=82.00 MB, threshold=0.00 B
2014-06-20 15:32:26.025+0000 INFO  [org.neo4j]: Operating system information:
    Operating System: Linux; version: 3.13.0-29-generic; arch: amd64; cpus: 8
    Max number of file descriptors: 4096
    Number of open file descriptors: 24
    Process id: 3717@ubuntu
    Byte order: LITTLE_ENDIAN
    Local timezone: Europe/Rome
2014-06-20 15:32:26.033+0000 INFO  [org.neo4j]: JVM information:
    VM Name: Java HotSpot(TM) 64-Bit Server VM
    VM Vendor: Oracle Corporation
    VM Version: 24.45-b08
    JIT compiler: HotSpot 64-Bit Tiered Compilers
    VM Arguments: [-Dapp.name=neo4j-shell, -Dapp.pid=3717, -Dapp.repo=/home/pdipietro/gsn/neo4j/lib, -Dbasedir=/home/pdipietro/gsn/neo4j, -Dfile.encoding=UTF-8]
2014-06-20 15:32:26.034+0000 INFO  [org.neo4j]: Java classpath:
     [classpath + loader.0] file:/home/pdipietro/gsn/neo4j/lib/neo4j-graph-algo-2.0.0.jar
     [classpath + loader.0] file:/home/pdipietro/gsn/neo4j/lib/parboiled-scala_2.10-1.1.6.jar
     [bootstrap] /usr/lib/jvm/jdk1.7.0_45/jre/lib/charsets.jar
     [classpath + loader.0] file:/home/pdipietro/gsn/neo4j/lib/neo4j-jmx-2.0.0.jar
     [bootstrap] /usr/lib/jvm/jdk1.7.0_45/jre/lib/sunrsasign.jar
     [loader.1] file:/usr/lib/jvm/jdk1.7.0_45/jre/lib/ext/sunec.jar
     [loader.1] file:/usr/lib/jvm/jdk1.7.0_45/jre/lib/ext/localedata.jar
     [loader.1] file:/usr/lib/jvm/jdk1.7.0_45/jre/lib/ext/dnsns.jar
     [classpath + loader.0] file:/home/pdipietro/gsn/neo4j/lib/neo4j-cypher-compiler-2.0-2.0.0.jar
     [classpath + loader.0] file:/home/pdipietro/gsn/neo4j/lib/neo4j-cypher-commons-2.0.0.jar
     [classpath + loader.0] file:/home/pdipietro/gsn/neo4j/lib/neo4j-cypher-compiler-1.9-2.0.0.jar
     [bootstrap] /usr/lib/jvm/jdk1.7.0_45/jre/lib/jsse.jar
     [classpath + loader.0] file:/home/pdipietro/gsn/neo4j/lib/neo4j-kernel-2.0.0.jar
     [classpath + loader.0] file:/home/pdipietro/gsn/neo4j/lib/concurrentlinkedhashmap-lru-1.3.1.jar
     [loader.1] file:/usr/lib/jvm/jdk1.7.0_45/jre/lib/ext/sunjce_provider.jar
     [classpath + loader.0] file:/home/pdipietro/gsn/neo4j/lib/scala-library-2.10.3.jar
     [loader.1] file:/usr/lib/jvm/jdk1.7.0_45/jre/lib/ext/zipfs.jar
     [classpath + loader.0] file:/home/pdipietro/gsn/neo4j/lib/geronimo-jta_1.1_spec-1.1.1.jar
     [bootstrap] /usr/lib/jvm/jdk1.7.0_45/jre/lib/rt.jar
     [bootstrap] /usr/lib/jvm/jdk1.7.0_45/jre/lib/jce.jar
     [classpath + loader.0] file:/home/pdipietro/gsn/
     [classpath + loader.0] file:/home/pdipietro/gsn/neo4j/lib/parboiled-core-1.1.6.jar
     [classpath + loader.0] file:/home/pdipietro/gsn/neo4j/lib/neo4j-cypher-2.0.0.jar
     [bootstrap] /usr/lib/jvm/jdk1.7.0_45/jre/lib/resources.jar
     [classpath + loader.0] file:/home/pdipietro/gsn/neo4j/lib/neo4j-udc-2.0.0.jar
     [classpath + loader.0] file:/home/pdipietro/gsn/neo4j/lib/neo4j-shell-2.0.0.jar
     [classpath + loader.0] file:/home/pdipietro/gsn/neo4j/lib/lucene-core-3.6.2.jar
     [classpath + loader.0] file:/home/pdipietro/gsn/neo4j/lib/org.apache.servicemix.bundles.jline-0.9.94_1.jar
     [bootstrap] /usr/lib/jvm/jdk1.7.0_45/jre/classes
     [loader.1] file:/usr/lib/jvm/jdk1.7.0_45/jre/lib/ext/sunpkcs11.jar
     [classpath + loader.0] file:/home/pdipietro/gsn/neo4j/lib/neo4j-graph-matching-2.0.0.jar
     [classpath + loader.0] file:/home/pdipietro/gsn/neo4j/lib/server-api-2.0.0.jar
     [bootstrap] /usr/lib/jvm/jdk1.7.0_45/jre/lib/jfr.jar
     [classpath + loader.0] file:/home/pdipietro/gsn/neo4j/lib/neo4j-lucene-index-2.0.0.jar
2014-06-20 15:32:26.038+0000 INFO  [org.neo4j]: Library path:
    /usr/java/packages/lib/amd64
    /usr/lib64
    /lib64
    /lib
    /usr/lib
2014-06-20 15:32:26.039+0000 INFO  [org.neo4j]: System.properties:
    sun.boot.library.path = /usr/lib/jvm/jdk1.7.0_45/jre/lib/amd64
    path.separator = :
    file.encoding.pkg = sun.io
    user.country = US
    sun.java.launcher = SUN_STANDARD
    sun.os.patch.level = unknown
    user.dir = /home/pdipietro/gsn
    basedir = /home/pdipietro/gsn/neo4j
    app.name = neo4j-shell
    sun.jnu.encoding = UTF-8
    app.repo = /home/pdipietro/gsn/neo4j/lib
    sun.management.compiler = HotSpot 64-Bit Tiered Compilers
    user.home = /root
    user.timezone = Europe/Rome
    file.encoding = UTF-8
    user.name = root
    sun.java.command = org.neo4j.shell.StartClient neo4j.properties -path ./neo4j/data/graph.db
    sun.arch.data.model = 64
    user.language = en
    awt.toolkit = sun.awt.X11.XToolkit
    file.separator = /
    sun.io.unicode.encoding = UnicodeLittle
    sun.cpu.endian = little
    app.pid = 3717
    sun.cpu.isalist = 
2014-06-20 15:32:26.040+0000 INFO  [org.neo4j]: Linux scheduler information:
    noop [deadline] cfq 
    noop [deadline] cfq 
    noop [deadline] cfq 
    none
    none
    none
    none
    none
    none
    none
    none
    none
    none
    none
    none
    none
    none
    none
    none
    none
    none
    none
    none
    none
    none
    none
    none
2014-06-20 15:32:26.048+0000 INFO  [org.neo4j]: Network information:
    Interface eth0:
        address: fe80:0:0:0:20c:29ff:fe35:db3d%2
        address: 192.168.10.187
    Interface lo:
        address: 0:0:0:0:0:0:0:1%1
        address: 127.0.0.1
2014-06-20 15:32:26.051+0000 INFO  [org.neo4j]: --- INITIALIZED diagnostics END ---
2014-06-20 15:32:26.280+0000 INFO  [org.neo4j]: [./neo4j/data/graph.db/neostore.relationshiptypestore.db.names] brickCount=0 brickSize=0b mappedMem=0b (storeSize=836b)
2014-06-20 15:32:26.283+0000 INFO  [org.neo4j]: [./neo4j/data/graph.db/neostore.relationshiptypestore.db] brickCount=0 brickSize=0b mappedMem=0b (storeSize=105b)
2014-06-20 15:32:26.284+0000 INFO  [org.neo4j]: [./neo4j/data/graph.db/neostore.labeltokenstore.db.names] brickCount=0 brickSize=0b mappedMem=0b (storeSize=1976b)
2014-06-20 15:32:26.285+0000 INFO  [org.neo4j]: [./neo4j/data/graph.db/neostore.labeltokenstore.db] brickCount=0 brickSize=0b mappedMem=0b (storeSize=255b)
2014-06-20 15:32:26.285+0000 INFO  [org.neo4j]: [./neo4j/data/graph.db/neostore.propertystore.db.strings] brickCount=0 brickSize=1446912b mappedMem=1447034880b (storeSize=768b)
2014-06-20 15:32:26.286+0000 INFO  [org.neo4j]: [./neo4j/data/graph.db/neostore.propertystore.db.index.keys] brickCount=0 brickSize=0b mappedMem=0b (storeSize=1178b)
2014-06-20 15:32:26.286+0000 INFO  [org.neo4j]: [./neo4j/data/graph.db/neostore.propertystore.db.index] brickCount=0 brickSize=0b mappedMem=0b (storeSize=270b)
2014-06-20 15:32:26.288+0000 INFO  [org.neo4j]: [./neo4j/data/graph.db/neostore.propertystore.db.arrays] brickCount=0 brickSize=1640960b mappedMem=1641021440b (storeSize=256b)
2014-06-20 15:32:26.290+0000 INFO  [org.neo4j]: [./neo4j/data/graph.db/neostore.propertystore.db] brickCount=0 brickSize=1702853b mappedMem=1702887424b (storeSize=22755b)
2014-06-20 15:32:26.293+0000 INFO  [org.neo4j]: [./neo4j/data/graph.db/neostore.relationshipstore.db] brickCount=0 brickSize=2086656b mappedMem=2086666240b (storeSize=24255b)
2014-06-20 15:32:26.294+0000 INFO  [org.neo4j]: [./neo4j/data/graph.db/neostore.nodestore.db.labels] brickCount=0 brickSize=0b mappedMem=0b (storeSize=68b)
2014-06-20 15:32:26.296+0000 INFO  [org.neo4j]: [./neo4j/data/graph.db/neostore.nodestore.db] brickCount=0 brickSize=472906b mappedMem=472907776b (storeSize=3948b)
2014-06-20 15:32:26.298+0000 INFO  [org.neo4j]: [./neo4j/data/graph.db/neostore.schemastore.db] brickCount=0 brickSize=0b mappedMem=0b (storeSize=64b)
2014-06-20 15:32:26.299+0000 INFO  [org.neo4j]: [./neo4j/data/graph.db/neostore] brickCount=0 brickSize=0b mappedMem=0b (storeSize=63b)
2014-06-20 15:32:26.555+0000 INFO  [org.neo4j]: Opened logical log [./neo4j/data/graph.db/nioneo_logical.log.1] version=1, lastTxId=105 (clean)
2014-06-20 15:32:26.569+0000 INFO  [org.neo4j]: TM opening log: ./neo4j/data/graph.db/tm_tx_log.1
2014-06-20 15:32:26.594+0000 INFO  [org.neo4j]: Opened logical log [./neo4j/data/graph.db/index/lucene.log.1] version=1, lastTxId=1 (clean)
2014-06-20 15:32:26.607+0000 INFO  [org.neo4j]: --- STARTED diagnostics for KernelDiagnostics:Versions START ---
2014-06-20 15:32:26.607+0000 INFO  [org.neo4j]: Graph Database: org.neo4j.kernel.EmbeddedGraphDatabase StoreId[time:1403278332285, id:-6765293352000905947, store version: 13843131341501958]
2014-06-20 15:32:26.607+0000 INFO  [org.neo4j]: Kernel version: Neo4j - Graph Database Kernel (neo4j-kernel), version: 2.0.0
2014-06-20 15:32:26.608+0000 INFO  [org.neo4j]: Neo4j component versions:
2014-06-20 15:32:26.615+0000 INFO  [org.neo4j]:   Neo4j - Lucene Index (neo4j-lucene-index), version: 2.0.0; revision: 2.0.0:master:601/5cfc38672446b92062b3bc209d584591968f1a0f
2014-06-20 15:32:26.615+0000 INFO  [org.neo4j]:   Neo4j - JMX support (neo4j-jmx), version: 2.0.0; revision: 2.0.0:master:601/5cfc38672446b92062b3bc209d584591968f1a0f
2014-06-20 15:32:26.615+0000 INFO  [org.neo4j]:   Neo4j - Graph Matching (neo4j-graph-matching), version: 2.0.0; revision: 2.0.0:master:601/5cfc38672446b92062b3bc209d584591968f1a0f
2014-06-20 15:32:26.615+0000 INFO  [org.neo4j]:   Neo4j Server API (server-api), version: 2.0.0; revision: 2.0.0:master:601/5cfc38672446b92062b3bc209d584591968f1a0f
2014-06-20 15:32:26.615+0000 INFO  [org.neo4j]:   Neo4j - Graph Database Kernel (neo4j-kernel), version: 2.0.0; revision: 2.0.0:master:601/5cfc38672446b92062b3bc209d584591968f1a0f
2014-06-20 15:32:26.615+0000 INFO  [org.neo4j]:   Neo4j - Cypher (neo4j-cypher), version: 2.0.0; revision: 2.0.0:master:601/5cfc38672446b92062b3bc209d584591968f1a0f
2014-06-20 15:32:26.615+0000 INFO  [org.neo4j]:   Neo4j - Graph Algorithms (neo4j-graph-algo), version: 2.0.0; revision: 2.0.0:master:601/5cfc38672446b92062b3bc209d584591968f1a0f
2014-06-20 15:32:26.615+0000 INFO  [org.neo4j]:   Neo4j - Cypher Compiler 2.0 (neo4j-cypher-compiler-2.0), version: 2.0.0; revision: 2.0.0:master:601/5cfc38672446b92062b3bc209d584591968f1a0f
2014-06-20 15:32:26.615+0000 INFO  [org.neo4j]:   Neo4j - Generic shell (neo4j-shell), version: 2.0.0; revision: 2.0.0:master:601/5cfc38672446b92062b3bc209d584591968f1a0f
2014-06-20 15:32:26.615+0000 INFO  [org.neo4j]:   Neo4j - Cypher Compiler 1.9 (neo4j-cypher-compiler-1.9), version: 2.0.0; revision: 2.0.0:master:601/5cfc38672446b92062b3bc209d584591968f1a0f
2014-06-20 15:32:26.615+0000 INFO  [org.neo4j]:   neo4j-udc, version: 2.0.0; revision: 2.0.0:master:601/5cfc38672446b92062b3bc209d584591968f1a0f
2014-06-20 15:32:26.615+0000 INFO  [org.neo4j]:   Neo4j - Cypher Commons (neo4j-cypher-commons), version: 2.0.0; revision: 2.0.0:master:601/5cfc38672446b92062b3bc209d584591968f1a0f
2014-06-20 15:32:26.616+0000 INFO  [org.neo4j]: --- STARTED diagnostics for KernelDiagnostics:Versions END ---
2014-06-20 15:32:26.618+0000 INFO  [org.neo4j]: --- STARTED diagnostics for NEO_STORE_VERSIONS START ---
2014-06-20 15:32:26.619+0000 INFO  [org.neo4j]: Store versions:
    Store versions:
      NeoStore v0.A.1
      SchemaStore v0.A.1
      NodeStore v0.A.1
      RelationshipStore v0.A.1
      RelationshipTypeStore v0.A.1
      LabelTokenStore v0.A.1
      PropertyStore v0.A.1
      PropertyIndexStore v0.A.1
      StringPropertyStore v0.A.1
      ArrayPropertyStore v0.A.1
2014-06-20 15:32:26.619+0000 INFO  [org.neo4j]: --- STARTED diagnostics for NEO_STORE_VERSIONS END ---
2014-06-20 15:32:26.619+0000 INFO  [org.neo4j]: --- STARTED diagnostics for NEO_STORE_ID_USAGE START ---
2014-06-20 15:32:26.619+0000 INFO  [org.neo4j]: Id usage:
    Id usage:
      SchemaStore: used=1 high=0
      NodeStore: used=282 high=281
      RelationshipStore: used=735 high=734
      RelationshipTypeStore: used=21 high=20
      LabelTokenStore: used=51 high=50
      PropertyStore: used=555 high=554
      PropertyIndexStore: used=30 high=29
      StringPropertyStore: used=6 high=5
      ArrayPropertyStore: used=2 high=1
2014-06-20 15:32:26.621+0000 INFO  [org.neo4j]: --- STARTED diagnostics for NEO_STORE_ID_USAGE END ---
2014-06-20 15:32:26.621+0000 INFO  [org.neo4j]: --- STARTED diagnostics for PERSISTENCE_WINDOW_POOL_STATS START ---
2014-06-20 15:32:26.621+0000 INFO  [org.neo4j]: --- STARTED diagnostics for PERSISTENCE_WINDOW_POOL_STATS END ---
2014-06-20 15:32:26.621+0000 INFO  [org.neo4j]: --- STARTED diagnostics for KernelDiagnostics:StoreFiles START ---
2014-06-20 15:32:26.622+0000 INFO  [org.neo4j]: Disk space on partition (Total / Free / Free %): 25230176256 / 13060227072 / 51
Storage files: (filename : modification date - size)
      nioneo_logical.log.v0: 2014-06-20T17:32:25+0200 - 151.41 kB
      neostore.propertystore.db.index.id: 2014-06-20T17:32:26+0200 - 9.00 B
      neostore.labeltokenstore.db.names.id: 2014-06-20T17:32:26+0200 - 9.00 B
      neostore.propertystore.db.index: 2014-06-20T17:32:26+0200 - 270.00 B
      neostore.nodestore.db.labels.id: 2014-06-20T17:32:26+0200 - 9.00 B
      neostore.propertystore.db.index.keys: 2014-06-20T17:32:26+0200 - 1.15 kB
      tm_tx_log.1: 2014-06-20T17:32:26+0200 - 0.00 B
      lock: 2014-06-20T17:32:26+0200 - 0.00 B
      neostore.propertystore.db.arrays.id: 2014-06-20T17:32:26+0200 - 9.00 B
      neostore.nodestore.db.id: 2014-06-20T17:32:26+0200 - 9.00 B
      nioneo_logical.log.1: 2014-06-20T17:32:26+0200 - 16.00 B
      neostore.relationshiptypestore.db.names: 2014-06-20T17:32:26+0200 - 836.00 B
      neostore.propertystore.db: 2014-06-20T17:32:26+0200 - 22.22 kB
      nioneo_logical.log.active: 2014-06-20T17:32:26+0200 - 4.00 B
      neostore.schemastore.db.id: 2014-06-20T17:32:26+0200 - 9.00 B
      neostore.relationshiptypestore.db.names.id: 2014-06-20T17:32:26+0200 - 9.00 B
      neostore: 2014-06-20T17:32:26+0200 - 63.00 B
      active_tx_log: 2014-06-20T17:32:12+0200 - 11.00 B
      neostore.propertystore.db.strings: 2014-06-20T17:32:26+0200 - 768.00 B
      neostore.propertystore.db.arrays: 2014-06-20T17:32:26+0200 - 256.00 B
      schema:
        label:
          lucene:
            _1.fdt: 2014-06-20T17:32:25+0200 - 84.00 B
            _0.fdx: 2014-06-20T17:32:16+0200 - 52.00 B
            segments_1: 2014-06-20T17:32:25+0200 - 468.00 B
            _0.frq: 2014-06-20T17:32:16+0200 - 81.00 B
            _1.tis: 2014-06-20T17:32:25+0200 - 95.00 B
            _1.frq: 2014-06-20T17:32:25+0200 - 14.00 B
            write.lock: 2014-06-20T17:32:26+0200 - 0.00 B
            _1.fdx: 2014-06-20T17:32:25+0200 - 36.00 B
            _0_1.del: 2014-06-20T17:32:25+0200 - 31.00 B
            _1.fnm: 2014-06-20T17:32:25+0200 - 214.00 B
            _0.nrm: 2014-06-20T17:32:16+0200 - 4.00 B
            segments.gen: 2014-06-20T17:32:25+0200 - 20.00 B
            _0.fdt: 2014-06-20T17:32:16+0200 - 484.00 B
            _0.fnm: 2014-06-20T17:32:16+0200 - 206.00 B
            _1.tii: 2014-06-20T17:32:25+0200 - 35.00 B
            _0.tis: 2014-06-20T17:32:16+0200 - 409.00 B
            _0.tii: 2014-06-20T17:32:16+0200 - 35.00 B
            _1.nrm: 2014-06-20T17:32:25+0200 - 4.00 B
          - Total: 2014-06-20T17:32:26+0200 - 2.22 kB
        - Total: 2014-06-20T17:32:12+0200 - 2.22 kB
      - Total: 2014-06-20T17:32:12+0200 - 2.22 kB
      store_lock: 2014-06-20T17:32:12+0200 - 0.00 B
      neostore.relationshiptypestore.db: 2014-06-20T17:32:26+0200 - 105.00 B
      neostore.propertystore.db.id: 2014-06-20T17:32:26+0200 - 9.00 B
      neostore.labeltokenstore.db.names: 2014-06-20T17:32:26+0200 - 1.93 kB
      neostore.propertystore.db.strings.id: 2014-06-20T17:32:26+0200 - 9.00 B
      neostore.relationshipstore.db: 2014-06-20T17:32:26+0200 - 23.69 kB
      neostore.labeltokenstore.db.id: 2014-06-20T17:32:26+0200 - 9.00 B
      neostore.labeltokenstore.db: 2014-06-20T17:32:26+0200 - 255.00 B
      neostore.nodestore.db.labels: 2014-06-20T17:32:26+0200 - 68.00 B
      messages.log: 2014-06-20T17:32:26+0200 - 38.51 kB
      neostore.propertystore.db.index.keys.id: 2014-06-20T17:32:26+0200 - 9.00 B
      neostore.relationshiptypestore.db.id: 2014-06-20T17:32:26+0200 - 9.00 B
      neostore.id: 2014-06-20T17:32:26+0200 - 9.00 B
      neostore.nodestore.db: 2014-06-20T17:32:26+0200 - 3.86 kB
      neostore.relationshipstore.db.id: 2014-06-20T17:32:26+0200 - 9.00 B
      index:
        lucene.log.v0: 2014-06-20T17:32:25+0200 - 16.00 B
        lucene-store.db: 2014-06-20T17:32:25+0200 - 40.00 B
        lucene.log.1: 2014-06-20T17:32:26+0200 - 16.00 B
        lucene.log.active: 2014-06-20T17:32:26+0200 - 4.00 B
      - Total: 2014-06-20T17:32:26+0200 - 76.00 B
      neostore.schemastore.db: 2014-06-20T17:32:26+0200 - 64.00 B
2014-06-20 15:32:26.643+0000 INFO  [org.neo4j]: --- STARTED diagnostics for KernelDiagnostics:StoreFiles END ---
2014-06-20 15:32:26.679+0000 INFO  [org.neo4j]: GC Monitor started. 
2014-06-20 15:32:26.708+0000 INFO  [org.neo4j]: Database is now ready
2014-06-20 15:32:36.367+0000 INFO  [org.neo4j]: Shutdown started
2014-06-20 15:32:36.369+0000 INFO  [org.neo4j]: Database is now unavailable
2014-06-20 15:32:36.370+0000 INFO  [org.neo4j]: GC Monitor stopped. 
2014-06-20 15:32:36.374+0000 INFO  [org.neo4j]: Closed log ./neo4j/data/graph.db/index/lucene.log
2014-06-20 15:32:36.379+0000 INFO  [org.neo4j]: TM shutting down
2014-06-20 15:32:36.581+0000 INFO  [org.neo4j]: Closed log ./neo4j/data/graph.db/nioneo_logical.log
2014-06-20 15:32:36.586+0000 INFO  [org.neo4j]: ./neo4j/data/graph.db/neostore.relationshiptypestore.db.names hit=0 miss=42 switches=0 ooe=0
2014-06-20 15:32:36.595+0000 INFO  [org.neo4j]: ./neo4j/data/graph.db/neostore.relationshiptypestore.db hit=0 miss=21 switches=0 ooe=0
2014-06-20 15:32:36.601+0000 INFO  [org.neo4j]: ./neo4j/data/graph.db/neostore.labeltokenstore.db.names hit=0 miss=102 switches=0 ooe=0
2014-06-20 15:32:36.608+0000 INFO  [org.neo4j]: ./neo4j/data/graph.db/neostore.labeltokenstore.db hit=0 miss=51 switches=0 ooe=0
2014-06-20 15:32:36.622+0000 INFO  [org.neo4j]: ./neo4j/data/graph.db/neostore.propertystore.db.strings hit=7 miss=0 switches=0 ooe=0
2014-06-20 15:32:36.628+0000 INFO  [org.neo4j]: ./neo4j/data/graph.db/neostore.propertystore.db.index.keys hit=0 miss=60 switches=0 ooe=0
2014-06-20 15:32:36.636+0000 INFO  [org.neo4j]: ./neo4j/data/graph.db/neostore.propertystore.db.index hit=0 miss=30 switches=0 ooe=0
2014-06-20 15:32:36.651+0000 INFO  [org.neo4j]: ./neo4j/data/graph.db/neostore.propertystore.db.arrays hit=0 miss=0 switches=0 ooe=0
2014-06-20 15:32:36.660+0000 INFO  [org.neo4j]: ./neo4j/data/graph.db/neostore.propertystore.db hit=1261 miss=0 switches=0 ooe=0
2014-06-20 15:32:36.667+0000 INFO  [org.neo4j]: ./neo4j/data/graph.db/neostore.relationshipstore.db hit=716 miss=0 switches=0 ooe=0
2014-06-20 15:32:36.678+0000 INFO  [org.neo4j]: ./neo4j/data/graph.db/neostore.nodestore.db.labels hit=0 miss=0 switches=0 ooe=0
2014-06-20 15:32:36.687+0000 INFO  [org.neo4j]: ./neo4j/data/graph.db/neostore.nodestore.db hit=1280 miss=0 switches=0 ooe=0
2014-06-20 15:32:36.697+0000 INFO  [org.neo4j]: ./neo4j/data/graph.db/neostore.schemastore.db hit=0 miss=0 switches=0 ooe=0
2014-06-20 15:32:36.706+0000 INFO  [org.neo4j]: ./neo4j/data/graph.db/neostore hit=0 miss=18 switches=0 ooe=0
2014-06-20 15:32:36.716+0000 INFO  [org.neo4j]: NeoStore closed
2014-06-20 15:32:36.716+0000 INFO  [org.neo4j]: --- STOPPING diagnostics START ---
2014-06-20 15:32:36.716+0000 INFO  [org.neo4j]: --- STOPPING diagnostics END ---
2014-06-20 15:32:37.251+0000 INFO  [org.neo4j]: --- INITIALIZED diagnostics START ---
2014-06-20 15:32:37.267+0000 INFO  [org.neo4j]: Neo4j Kernel properties:
    neostore.propertystore.db.mapped_memory=1624M
    read_only=false
    neostore.nodestore.db.mapped_memory=451M
    neostore.relationshipstore.db.mapped_memory=1990M
    neostore.propertystore.db.strings.mapped_memory=1380M
    store_dir=./neo4j/data/graph.db
    neostore.propertystore.db.arrays.mapped_memory=1565M
    ephemeral=false
2014-06-20 15:32:37.274+0000 INFO  [org.neo4j]: Diagnostics providers:
    org.neo4j.kernel.configuration.Config
    org.neo4j.kernel.info.DiagnosticsManager
    SYSTEM_MEMORY
    JAVA_MEMORY
    OPERATING_SYSTEM
    JAVA_VIRTUAL_MACHINE
    CLASSPATH
    LIBRARY_PATH
    SYSTEM_PROPERTIES
    LINUX_SCHEDULERS
    NETWORK
2014-06-20 15:32:37.275+0000 INFO  [org.neo4j]: System memory information:
    Total Physical memory: 19.60 GB
    Free Physical memory: 18.07 GB
    Committed virtual memory: 6.38 GB
    Total swap space: 16.00 GB
    Free swap space: 16.00 GB
2014-06-20 15:32:37.280+0000 INFO  [org.neo4j]: JVM memory information:
    Free  memory: 288.28 MB
    Total memory: 301.00 MB
    Max   memory: 4.36 GB
    Garbage Collector: PS Scavenge: [PS Eden Space, PS Survivor Space]
    Garbage Collector: PS MarkSweep: [PS Eden Space, PS Survivor Space, PS Old Gen, PS Perm Gen]
    Memory Pool: Code Cache (Non-heap memory): committed=2.44 MB, used=453.00 kB, max=48.00 MB, threshold=0.00 B
    Memory Pool: PS Eden Space (Heap memory): committed=79.00 MB, used=12.72 MB, max=1.61 GB, threshold=?
    Memory Pool: PS Survivor Space (Heap memory): committed=13.00 MB, used=0.00 B, max=13.00 MB, threshold=?
    Memory Pool: PS Old Gen (Heap memory): committed=209.00 MB, used=0.00 B, max=3.27 GB, threshold=0.00 B
    Memory Pool: PS Perm Gen (Non-heap memory): committed=21.00 MB, used=6.12 MB, max=82.00 MB, threshold=0.00 B
2014-06-20 15:32:37.285+0000 INFO  [org.neo4j]: Operating system information:
    Operating System: Linux; version: 3.13.0-29-generic; arch: amd64; cpus: 8
    Max number of file descriptors: 4096
    Number of open file descriptors: 24
    Process id: 3764@ubuntu
    Byte order: LITTLE_ENDIAN
    Local timezone: Europe/Rome
2014-06-20 15:32:37.293+0000 INFO  [org.neo4j]: JVM information:
    VM Name: Java HotSpot(TM) 64-Bit Server VM
    VM Vendor: Oracle Corporation
    VM Version: 24.45-b08
    JIT compiler: HotSpot 64-Bit Tiered Compilers
    VM Arguments: [-Dapp.name=neo4j-shell, -Dapp.pid=3764, -Dapp.repo=/home/pdipietro/gsn/neo4j/lib, -Dbasedir=/home/pdipietro/gsn/neo4j, -Dfile.encoding=UTF-8]
2014-06-20 15:32:37.294+0000 INFO  [org.neo4j]: Java classpath:
     [classpath + loader.0] file:/home/pdipietro/gsn/neo4j/lib/neo4j-graph-algo-2.0.0.jar
     [classpath + loader.0] file:/home/pdipietro/gsn/neo4j/lib/parboiled-scala_2.10-1.1.6.jar
     [bootstrap] /usr/lib/jvm/jdk1.7.0_45/jre/lib/charsets.jar
     [classpath + loader.0] file:/home/pdipietro/gsn/neo4j/lib/neo4j-jmx-2.0.0.jar
     [bootstrap] /usr/lib/jvm/jdk1.7.0_45/jre/lib/sunrsasign.jar
     [loader.1] file:/usr/lib/jvm/jdk1.7.0_45/jre/lib/ext/sunec.jar
     [loader.1] file:/usr/lib/jvm/jdk1.7.0_45/jre/lib/ext/localedata.jar
     [loader.1] file:/usr/lib/jvm/jdk1.7.0_45/jre/lib/ext/dnsns.jar
     [classpath + loader.0] file:/home/pdipietro/gsn/neo4j/lib/neo4j-cypher-compiler-2.0-2.0.0.jar
     [classpath + loader.0] file:/home/pdipietro/gsn/neo4j/lib/neo4j-cypher-commons-2.0.0.jar
     [classpath + loader.0] file:/home/pdipietro/gsn/neo4j/lib/neo4j-cypher-compiler-1.9-2.0.0.jar
     [bootstrap] /usr/lib/jvm/jdk1.7.0_45/jre/lib/jsse.jar
     [classpath + loader.0] file:/home/pdipietro/gsn/neo4j/lib/neo4j-kernel-2.0.0.jar
     [classpath + loader.0] file:/home/pdipietro/gsn/neo4j/lib/concurrentlinkedhashmap-lru-1.3.1.jar
     [loader.1] file:/usr/lib/jvm/jdk1.7.0_45/jre/lib/ext/sunjce_provider.jar
     [classpath + loader.0] file:/home/pdipietro/gsn/neo4j/lib/scala-library-2.10.3.jar
     [loader.1] file:/usr/lib/jvm/jdk1.7.0_45/jre/lib/ext/zipfs.jar
     [classpath + loader.0] file:/home/pdipietro/gsn/neo4j/lib/geronimo-jta_1.1_spec-1.1.1.jar
     [bootstrap] /usr/lib/jvm/jdk1.7.0_45/jre/lib/rt.jar
     [bootstrap] /usr/lib/jvm/jdk1.7.0_45/jre/lib/jce.jar
     [classpath + loader.0] file:/home/pdipietro/gsn/
     [classpath + loader.0] file:/home/pdipietro/gsn/neo4j/lib/parboiled-core-1.1.6.jar
     [classpath + loader.0] file:/home/pdipietro/gsn/neo4j/lib/neo4j-cypher-2.0.0.jar
     [bootstrap] /usr/lib/jvm/jdk1.7.0_45/jre/lib/resources.jar
     [classpath + loader.0] file:/home/pdipietro/gsn/neo4j/lib/neo4j-udc-2.0.0.jar
     [classpath + loader.0] file:/home/pdipietro/gsn/neo4j/lib/neo4j-shell-2.0.0.jar
     [classpath + loader.0] file:/home/pdipietro/gsn/neo4j/lib/lucene-core-3.6.2.jar
     [classpath + loader.0] file:/home/pdipietro/gsn/neo4j/lib/org.apache.servicemix.bundles.jline-0.9.94_1.jar
     [bootstrap] /usr/lib/jvm/jdk1.7.0_45/jre/classes
     [loader.1] file:/usr/lib/jvm/jdk1.7.0_45/jre/lib/ext/sunpkcs11.jar
     [classpath + loader.0] file:/home/pdipietro/gsn/neo4j/lib/neo4j-graph-matching-2.0.0.jar
     [classpath + loader.0] file:/home/pdipietro/gsn/neo4j/lib/server-api-2.0.0.jar
     [bootstrap] /usr/lib/jvm/jdk1.7.0_45/jre/lib/jfr.jar
     [classpath + loader.0] file:/home/pdipietro/gsn/neo4j/lib/neo4j-lucene-index-2.0.0.jar
2014-06-20 15:32:37.297+0000 INFO  [org.neo4j]: Library path:
    /usr/java/packages/lib/amd64
    /usr/lib64
    /lib64
    /lib
    /usr/lib
2014-06-20 15:32:37.298+0000 INFO  [org.neo4j]: System.properties:
    sun.boot.library.path = /usr/lib/jvm/jdk1.7.0_45/jre/lib/amd64
    path.separator = :
    file.encoding.pkg = sun.io
    user.country = US
    sun.java.launcher = SUN_STANDARD
    sun.os.patch.level = unknown
    user.dir = /home/pdipietro/gsn
    basedir = /home/pdipietro/gsn/neo4j
    app.name = neo4j-shell
    sun.jnu.encoding = UTF-8
    app.repo = /home/pdipietro/gsn/neo4j/lib
    sun.management.compiler = HotSpot 64-Bit Tiered Compilers
    user.home = /root
    user.timezone = Europe/Rome
    file.encoding = UTF-8
    user.name = root
    sun.java.command = org.neo4j.shell.StartClient neo4j.properties -path ./neo4j/data/graph.db
    sun.arch.data.model = 64
    user.language = en
    awt.toolkit = sun.awt.X11.XToolkit
    file.separator = /
    sun.io.unicode.encoding = UnicodeLittle
    sun.cpu.endian = little
    app.pid = 3764
    sun.cpu.isalist = 
2014-06-20 15:32:37.299+0000 INFO  [org.neo4j]: Linux scheduler information:
    noop [deadline] cfq 
    noop [deadline] cfq 
    noop [deadline] cfq 
    none
    none
    none
    none
    none
    none
    none
    none
    none
    none
    none
    none
    none
    none
    none
    none
    none
    none
    none
    none
    none
    none
    none
    none
2014-06-20 15:32:37.305+0000 INFO  [org.neo4j]: Network information:
    Interface eth0:
        address: fe80:0:0:0:20c:29ff:fe35:db3d%2
        address: 192.168.10.187
    Interface lo:
        address: 0:0:0:0:0:0:0:1%1
        address: 127.0.0.1
2014-06-20 15:32:37.306+0000 INFO  [org.neo4j]: --- INITIALIZED diagnostics END ---
2014-06-20 15:32:37.528+0000 INFO  [org.neo4j]: [./neo4j/data/graph.db/neostore.relationshiptypestore.db.names] brickCount=0 brickSize=0b mappedMem=0b (storeSize=836b)
2014-06-20 15:32:37.530+0000 INFO  [org.neo4j]: [./neo4j/data/graph.db/neostore.relationshiptypestore.db] brickCount=0 brickSize=0b mappedMem=0b (storeSize=105b)
2014-06-20 15:32:37.531+0000 INFO  [org.neo4j]: [./neo4j/data/graph.db/neostore.labeltokenstore.db.names] brickCount=0 brickSize=0b mappedMem=0b (storeSize=1976b)
2014-06-20 15:32:37.532+0000 INFO  [org.neo4j]: [./neo4j/data/graph.db/neostore.labeltokenstore.db] brickCount=0 brickSize=0b mappedMem=0b (storeSize=255b)
2014-06-20 15:32:37.532+0000 INFO  [org.neo4j]: [./neo4j/data/graph.db/neostore.propertystore.db.strings] brickCount=0 brickSize=1446912b mappedMem=1447034880b (storeSize=1664b)
2014-06-20 15:32:37.533+0000 INFO  [org.neo4j]: [./neo4j/data/graph.db/neostore.propertystore.db.index.keys] brickCount=0 brickSize=0b mappedMem=0b (storeSize=1178b)
2014-06-20 15:32:37.534+0000 INFO  [org.neo4j]: [./neo4j/data/graph.db/neostore.propertystore.db.index] brickCount=0 brickSize=0b mappedMem=0b (storeSize=270b)
2014-06-20 15:32:37.535+0000 INFO  [org.neo4j]: [./neo4j/data/graph.db/neostore.propertystore.db.arrays] brickCount=0 brickSize=1640960b mappedMem=1641021440b (storeSize=256b)
2014-06-20 15:32:37.538+0000 INFO  [org.neo4j]: [./neo4j/data/graph.db/neostore.propertystore.db] brickCount=0 brickSize=1702853b mappedMem=1702887424b (storeSize=52767b)
2014-06-20 15:32:37.540+0000 INFO  [org.neo4j]: [./neo4j/data/graph.db/neostore.relationshipstore.db] brickCount=0 brickSize=2086656b mappedMem=2086666240b (storeSize=47751b)
2014-06-20 15:32:37.541+0000 INFO  [org.neo4j]: [./neo4j/data/graph.db/neostore.nodestore.db.labels] brickCount=0 brickSize=0b mappedMem=0b (storeSize=68b)
2014-06-20 15:32:37.543+0000 INFO  [org.neo4j]: [./neo4j/data/graph.db/neostore.nodestore.db] brickCount=0 brickSize=472906b mappedMem=472907776b (storeSize=13916b)
2014-06-20 15:32:37.545+0000 INFO  [org.neo4j]: [./neo4j/data/graph.db/neostore.schemastore.db] brickCount=0 brickSize=0b mappedMem=0b (storeSize=64b)
2014-06-20 15:32:37.546+0000 INFO  [org.neo4j]: [./neo4j/data/graph.db/neostore] brickCount=0 brickSize=0b mappedMem=0b (storeSize=63b)
2014-06-20 15:32:37.811+0000 INFO  [org.neo4j]: Opened logical log [./neo4j/data/graph.db/nioneo_logical.log.1] version=2, lastTxId=106 (clean)
2014-06-20 15:32:37.821+0000 INFO  [org.neo4j]: TM opening log: ./neo4j/data/graph.db/tm_tx_log.1
2014-06-20 15:32:37.839+0000 INFO  [org.neo4j]: Opened logical log [./neo4j/data/graph.db/index/lucene.log.1] version=2, lastTxId=1 (clean)
2014-06-20 15:32:37.851+0000 INFO  [org.neo4j]: --- STARTED diagnostics for KernelDiagnostics:Versions START ---
2014-06-20 15:32:37.851+0000 INFO  [org.neo4j]: Graph Database: org.neo4j.kernel.EmbeddedGraphDatabase StoreId[time:1403278332285, id:-6765293352000905947, store version: 13843131341501958]
2014-06-20 15:32:37.851+0000 INFO  [org.neo4j]: Kernel version: Neo4j - Graph Database Kernel (neo4j-kernel), version: 2.0.0
2014-06-20 15:32:37.851+0000 INFO  [org.neo4j]: Neo4j component versions:
2014-06-20 15:32:37.858+0000 INFO  [org.neo4j]:   Neo4j - Lucene Index (neo4j-lucene-index), version: 2.0.0; revision: 2.0.0:master:601/5cfc38672446b92062b3bc209d584591968f1a0f
2014-06-20 15:32:37.858+0000 INFO  [org.neo4j]:   Neo4j - JMX support (neo4j-jmx), version: 2.0.0; revision: 2.0.0:master:601/5cfc38672446b92062b3bc209d584591968f1a0f
2014-06-20 15:32:37.858+0000 INFO  [org.neo4j]:   Neo4j - Graph Matching (neo4j-graph-matching), version: 2.0.0; revision: 2.0.0:master:601/5cfc38672446b92062b3bc209d584591968f1a0f
2014-06-20 15:32:37.858+0000 INFO  [org.neo4j]:   Neo4j Server API (server-api), version: 2.0.0; revision: 2.0.0:master:601/5cfc38672446b92062b3bc209d584591968f1a0f
2014-06-20 15:32:37.858+0000 INFO  [org.neo4j]:   Neo4j - Graph Database Kernel (neo4j-kernel), version: 2.0.0; revision: 2.0.0:master:601/5cfc38672446b92062b3bc209d584591968f1a0f
2014-06-20 15:32:37.858+0000 INFO  [org.neo4j]:   Neo4j - Cypher (neo4j-cypher), version: 2.0.0; revision: 2.0.0:master:601/5cfc38672446b92062b3bc209d584591968f1a0f
2014-06-20 15:32:37.858+0000 INFO  [org.neo4j]:   Neo4j - Graph Algorithms (neo4j-graph-algo), version: 2.0.0; revision: 2.0.0:master:601/5cfc38672446b92062b3bc209d584591968f1a0f
2014-06-20 15:32:37.858+0000 INFO  [org.neo4j]:   Neo4j - Cypher Compiler 2.0 (neo4j-cypher-compiler-2.0), version: 2.0.0; revision: 2.0.0:master:601/5cfc38672446b92062b3bc209d584591968f1a0f
2014-06-20 15:32:37.858+0000 INFO  [org.neo4j]:   Neo4j - Generic shell (neo4j-shell), version: 2.0.0; revision: 2.0.0:master:601/5cfc38672446b92062b3bc209d584591968f1a0f
2014-06-20 15:32:37.858+0000 INFO  [org.neo4j]:   Neo4j - Cypher Compiler 1.9 (neo4j-cypher-compiler-1.9), version: 2.0.0; revision: 2.0.0:master:601/5cfc38672446b92062b3bc209d584591968f1a0f
2014-06-20 15:32:37.858+0000 INFO  [org.neo4j]:   neo4j-udc, version: 2.0.0; revision: 2.0.0:master:601/5cfc38672446b92062b3bc209d584591968f1a0f
2014-06-20 15:32:37.858+0000 INFO  [org.neo4j]:   Neo4j - Cypher Commons (neo4j-cypher-commons), version: 2.0.0; revision: 2.0.0:master:601/5cfc38672446b92062b3bc209d584591968f1a0f
2014-06-20 15:32:37.859+0000 INFO  [org.neo4j]: --- STARTED diagnostics for KernelDiagnostics:Versions END ---
2014-06-20 15:32:37.861+0000 INFO  [org.neo4j]: --- STARTED diagnostics for NEO_STORE_VERSIONS START ---
2014-06-20 15:32:37.862+0000 INFO  [org.neo4j]: Store versions:
    Store versions:
      NeoStore v0.A.1
      SchemaStore v0.A.1
      NodeStore v0.A.1
      RelationshipStore v0.A.1
      RelationshipTypeStore v0.A.1
      LabelTokenStore v0.A.1
      PropertyStore v0.A.1
      PropertyIndexStore v0.A.1
      StringPropertyStore v0.A.1
      ArrayPropertyStore v0.A.1
2014-06-20 15:32:37.862+0000 INFO  [org.neo4j]: --- STARTED diagnostics for NEO_STORE_VERSIONS END ---
2014-06-20 15:32:37.862+0000 INFO  [org.neo4j]: --- STARTED diagnostics for NEO_STORE_ID_USAGE START ---
2014-06-20 15:32:37.862+0000 INFO  [org.neo4j]: Id usage:
    Id usage:
      SchemaStore: used=1 high=0
      NodeStore: used=994 high=993
      RelationshipStore: used=1447 high=1446
      RelationshipTypeStore: used=21 high=20
      LabelTokenStore: used=51 high=50
      PropertyStore: used=1287 high=1286
      PropertyIndexStore: used=30 high=29
      StringPropertyStore: used=13 high=12
      ArrayPropertyStore: used=2 high=1
2014-06-20 15:32:37.863+0000 INFO  [org.neo4j]: --- STARTED diagnostics for NEO_STORE_ID_USAGE END ---
2014-06-20 15:32:37.863+0000 INFO  [org.neo4j]: --- STARTED diagnostics for PERSISTENCE_WINDOW_POOL_STATS START ---
2014-06-20 15:32:37.863+0000 INFO  [org.neo4j]: --- STARTED diagnostics for PERSISTENCE_WINDOW_POOL_STATS END ---
2014-06-20 15:32:37.864+0000 INFO  [org.neo4j]: --- STARTED diagnostics for KernelDiagnostics:StoreFiles START ---
2014-06-20 15:32:37.864+0000 INFO  [org.neo4j]: Disk space on partition (Total / Free / Free %): 25230176256 / 13059133440 / 51
Storage files: (filename : modification date - size)
      nioneo_logical.log.v0: 2014-06-20T17:32:25+0200 - 151.41 kB
      neostore.propertystore.db.index.id: 2014-06-20T17:32:37+0200 - 9.00 B
      neostore.labeltokenstore.db.names.id: 2014-06-20T17:32:37+0200 - 9.00 B
      neostore.propertystore.db.index: 2014-06-20T17:32:37+0200 - 270.00 B
      neostore.nodestore.db.labels.id: 2014-06-20T17:32:37+0200 - 9.00 B
      neostore.propertystore.db.index.keys: 2014-06-20T17:32:37+0200 - 1.15 kB
      tm_tx_log.1: 2014-06-20T17:32:37+0200 - 0.00 B
      lock: 2014-06-20T17:32:37+0200 - 0.00 B
      neostore.propertystore.db.arrays.id: 2014-06-20T17:32:37+0200 - 9.00 B
      neostore.nodestore.db.id: 2014-06-20T17:32:37+0200 - 9.00 B
      nioneo_logical.log.1: 2014-06-20T17:32:37+0200 - 16.00 B
      neostore.relationshiptypestore.db.names: 2014-06-20T17:32:37+0200 - 836.00 B
      neostore.propertystore.db: 2014-06-20T17:32:37+0200 - 51.53 kB
      nioneo_logical.log.active: 2014-06-20T17:32:37+0200 - 4.00 B
      neostore.schemastore.db.id: 2014-06-20T17:32:37+0200 - 9.00 B
      neostore.relationshiptypestore.db.names.id: 2014-06-20T17:32:37+0200 - 9.00 B
      neostore: 2014-06-20T17:32:37+0200 - 63.00 B
      active_tx_log: 2014-06-20T17:32:12+0200 - 11.00 B
      neostore.propertystore.db.strings: 2014-06-20T17:32:37+0200 - 1.63 kB
      neostore.propertystore.db.arrays: 2014-06-20T17:32:37+0200 - 256.00 B
      schema:
        label:
          lucene:
            _2.tis: 2014-06-20T17:32:36+0200 - 111.00 B
            _1.fdt: 2014-06-20T17:32:25+0200 - 84.00 B
            _1_1.del: 2014-06-20T17:32:36+0200 - 31.00 B
            _3.tis: 2014-06-20T17:32:36+0200 - 104.00 B
            _3.fdt: 2014-06-20T17:32:36+0200 - 166.00 B
            _4.tii: 2014-06-20T17:32:36+0200 - 35.00 B
            _0.fdx: 2014-06-20T17:32:16+0200 - 52.00 B
            _2.nrm: 2014-06-20T17:32:36+0200 - 4.00 B
            _2_1.del: 2014-06-20T17:32:36+0200 - 32.00 B
            _0.frq: 2014-06-20T17:32:16+0200 - 81.00 B
            _1.tis: 2014-06-20T17:32:25+0200 - 95.00 B
            _4.frq: 2014-06-20T17:32:36+0200 - 23.00 B
            _3_1.del: 2014-06-20T17:32:36+0200 - 32.00 B
            _1.frq: 2014-06-20T17:32:25+0200 - 14.00 B
            write.lock: 2014-06-20T17:32:37+0200 - 0.00 B
            _1.fdx: 2014-06-20T17:32:25+0200 - 36.00 B
            segments_2: 2014-06-20T17:32:36+0200 - 1.10 kB
            _2.fdx: 2014-06-20T17:32:36+0200 - 76.00 B
            _3.nrm: 2014-06-20T17:32:36+0200 - 4.00 B
            _3.tii: 2014-06-20T17:32:36+0200 - 35.00 B
            _0_1.del: 2014-06-20T17:32:25+0200 - 31.00 B
            _3.fdx: 2014-06-20T17:32:36+0200 - 76.00 B
            _2.frq: 2014-06-20T17:32:36+0200 - 28.00 B
            _4.fdx: 2014-06-20T17:32:36+0200 - 68.00 B
            _1.fnm: 2014-06-20T17:32:25+0200 - 214.00 B
            _0.nrm: 2014-06-20T17:32:16+0200 - 4.00 B
            _4.nrm: 2014-06-20T17:32:36+0200 - 4.00 B
            segments.gen: 2014-06-20T17:32:36+0200 - 20.00 B
            _2.tii: 2014-06-20T17:32:36+0200 - 35.00 B
            _3.frq: 2014-06-20T17:32:36+0200 - 27.00 B
            _0.fdt: 2014-06-20T17:32:16+0200 - 484.00 B
            _0.fnm: 2014-06-20T17:32:16+0200 - 206.00 B
            _1.tii: 2014-06-20T17:32:25+0200 - 35.00 B
            _0.tis: 2014-06-20T17:32:16+0200 - 409.00 B
            _0.tii: 2014-06-20T17:32:16+0200 - 35.00 B
            _4.fdt: 2014-06-20T17:32:36+0200 - 142.00 B
            _4.tis: 2014-06-20T17:32:36+0200 - 97.00 B
            _2.fnm: 2014-06-20T17:32:36+0200 - 214.00 B
            _2.fdt: 2014-06-20T17:32:36+0200 - 170.00 B
            _4.fnm: 2014-06-20T17:32:36+0200 - 214.00 B
            _1.nrm: 2014-06-20T17:32:25+0200 - 4.00 B
            _3.fnm: 2014-06-20T17:32:36+0200 - 214.00 B
          - Total: 2014-06-20T17:32:37+0200 - 4.75 kB
        - Total: 2014-06-20T17:32:12+0200 - 4.75 kB
      - Total: 2014-06-20T17:32:12+0200 - 4.75 kB
      store_lock: 2014-06-20T17:32:12+0200 - 0.00 B
      neostore.relationshiptypestore.db: 2014-06-20T17:32:37+0200 - 105.00 B
      neostore.propertystore.db.id: 2014-06-20T17:32:37+0200 - 9.00 B
      neostore.labeltokenstore.db.names: 2014-06-20T17:32:37+0200 - 1.93 kB
      neostore.propertystore.db.strings.id: 2014-06-20T17:32:37+0200 - 9.00 B
      neostore.relationshipstore.db: 2014-06-20T17:32:37+0200 - 46.63 kB
      neostore.labeltokenstore.db.id: 2014-06-20T17:32:37+0200 - 9.00 B
      neostore.labeltokenstore.db: 2014-06-20T17:32:37+0200 - 255.00 B
      neostore.nodestore.db.labels: 2014-06-20T17:32:37+0200 - 68.00 B
      messages.log: 2014-06-20T17:32:37+0200 - 59.12 kB
      nioneo_logical.log.v1: 2014-06-20T17:32:36+0200 - 160.53 kB
      neostore.propertystore.db.index.keys.id: 2014-06-20T17:32:37+0200 - 9.00 B
      neostore.relationshiptypestore.db.id: 2014-06-20T17:32:37+0200 - 9.00 B
      neostore.id: 2014-06-20T17:32:37+0200 - 9.00 B
      neostore.nodestore.db: 2014-06-20T17:32:37+0200 - 13.59 kB
      neostore.relationshipstore.db.id: 2014-06-20T17:32:37+0200 - 9.00 B
      index:
        lucene.log.v0: 2014-06-20T17:32:25+0200 - 16.00 B
        lucene-store.db: 2014-06-20T17:32:36+0200 - 40.00 B
        lucene.log.1: 2014-06-20T17:32:37+0200 - 16.00 B
        lucene.log.active: 2014-06-20T17:32:37+0200 - 4.00 B
        lucene.log.v1: 2014-06-20T17:32:36+0200 - 16.00 B
      - Total: 2014-06-20T17:32:37+0200 - 92.00 B
      neostore.schemastore.db: 2014-06-20T17:32:37+0200 - 64.00 B
2014-06-20 15:32:37.893+0000 INFO  [org.neo4j]: --- STARTED diagnostics for KernelDiagnostics:StoreFiles END ---
2014-06-20 15:32:37.929+0000 INFO  [org.neo4j]: GC Monitor started. 
2014-06-20 15:32:37.954+0000 INFO  [org.neo4j]: Database is now ready
2014-06-20 15:32:40.375+0000 INFO  [org.neo4j]: Shutdown started
2014-06-20 15:32:40.376+0000 INFO  [org.neo4j]: Database is now unavailable
2014-06-20 15:32:40.377+0000 INFO  [org.neo4j]: GC Monitor stopped. 
2014-06-20 15:32:40.387+0000 INFO  [org.neo4j]: Closed log ./neo4j/data/graph.db/index/lucene.log
2014-06-20 15:32:40.396+0000 INFO  [org.neo4j]: TM shutting down
2014-06-20 15:32:40.457+0000 INFO  [org.neo4j]: Closed log ./neo4j/data/graph.db/nioneo_logical.log
2014-06-20 15:32:40.466+0000 INFO  [org.neo4j]: ./neo4j/data/graph.db/neostore.relationshiptypestore.db.names hit=0 miss=42 switches=0 ooe=0
2014-06-20 15:32:40.472+0000 INFO  [org.neo4j]: ./neo4j/data/graph.db/neostore.relationshiptypestore.db hit=0 miss=21 switches=0 ooe=0
2014-06-20 15:32:40.486+0000 INFO  [org.neo4j]: ./neo4j/data/graph.db/neostore.labeltokenstore.db.names hit=0 miss=102 switches=0 ooe=0
2014-06-20 15:32:40.495+0000 INFO  [org.neo4j]: ./neo4j/data/graph.db/neostore.labeltokenstore.db hit=0 miss=51 switches=0 ooe=0
2014-06-20 15:32:40.506+0000 INFO  [org.neo4j]: ./neo4j/data/graph.db/neostore.propertystore.db.strings hit=0 miss=0 switches=0 ooe=0
2014-06-20 15:32:40.514+0000 INFO  [org.neo4j]: ./neo4j/data/graph.db/neostore.propertystore.db.index.keys hit=0 miss=60 switches=0 ooe=0
2014-06-20 15:32:40.525+0000 INFO  [org.neo4j]: ./neo4j/data/graph.db/neostore.propertystore.db.index hit=0 miss=30 switches=0 ooe=0
2014-06-20 15:32:40.539+0000 INFO  [org.neo4j]: ./neo4j/data/graph.db/neostore.propertystore.db.arrays hit=0 miss=0 switches=0 ooe=0
2014-06-20 15:32:40.547+0000 INFO  [org.neo4j]: ./neo4j/data/graph.db/neostore.propertystore.db hit=1274 miss=0 switches=0 ooe=0
2014-06-20 15:32:40.555+0000 INFO  [org.neo4j]: ./neo4j/data/graph.db/neostore.relationshipstore.db hit=17 miss=0 switches=0 ooe=0
2014-06-20 15:32:40.569+0000 INFO  [org.neo4j]: ./neo4j/data/graph.db/neostore.nodestore.db.labels hit=0 miss=0 switches=0 ooe=0
2014-06-20 15:32:40.574+0000 INFO  [org.neo4j]: ./neo4j/data/graph.db/neostore.nodestore.db hit=2005 miss=0 switches=0 ooe=0
2014-06-20 15:32:40.582+0000 INFO  [org.neo4j]: ./neo4j/data/graph.db/neostore.schemastore.db hit=0 miss=0 switches=0 ooe=0
2014-06-20 15:32:40.591+0000 INFO  [org.neo4j]: ./neo4j/data/graph.db/neostore hit=0 miss=18 switches=0 ooe=0
2014-06-20 15:32:40.600+0000 INFO  [org.neo4j]: NeoStore closed
2014-06-20 15:32:40.601+0000 INFO  [org.neo4j]: --- STOPPING diagnostics START ---
2014-06-20 15:32:40.601+0000 INFO  [org.neo4j]: --- STOPPING diagnostics END ---
2014-06-20 15:32:41.087+0000 INFO  [org.neo4j]: --- INITIALIZED diagnostics START ---
2014-06-20 15:32:41.103+0000 INFO  [org.neo4j]: Neo4j Kernel properties:
    neostore.propertystore.db.mapped_memory=1624M
    read_only=false
    neostore.nodestore.db.mapped_memory=451M
    neostore.relationshipstore.db.mapped_memory=1990M
    neostore.propertystore.db.strings.mapped_memory=1380M
    store_dir=./neo4j/data/graph.db
    neostore.propertystore.db.arrays.mapped_memory=1565M
    ephemeral=false
2014-06-20 15:32:41.111+0000 INFO  [org.neo4j]: Diagnostics providers:
    org.neo4j.kernel.configuration.Config
    org.neo4j.kernel.info.DiagnosticsManager
    SYSTEM_MEMORY
    JAVA_MEMORY
    OPERATING_SYSTEM
    JAVA_VIRTUAL_MACHINE
    CLASSPATH
    LIBRARY_PATH
    SYSTEM_PROPERTIES
    LINUX_SCHEDULERS
    NETWORK
2014-06-20 15:32:41.112+0000 INFO  [org.neo4j]: System memory information:
    Total Physical memory: 19.60 GB
    Free Physical memory: 18.07 GB
    Committed virtual memory: 6.38 GB
    Total swap space: 16.00 GB
    Free swap space: 16.00 GB
2014-06-20 15:32:41.117+0000 INFO  [org.neo4j]: JVM memory information:
    Free  memory: 288.28 MB
    Total memory: 301.00 MB
    Max   memory: 4.36 GB
    Garbage Collector: PS Scavenge: [PS Eden Space, PS Survivor Space]
    Garbage Collector: PS MarkSweep: [PS Eden Space, PS Survivor Space, PS Old Gen, PS Perm Gen]
    Memory Pool: Code Cache (Non-heap memory): committed=2.44 MB, used=453.00 kB, max=48.00 MB, threshold=0.00 B
    Memory Pool: PS Eden Space (Heap memory): committed=79.00 MB, used=12.72 MB, max=1.61 GB, threshold=?
    Memory Pool: PS Survivor Space (Heap memory): committed=13.00 MB, used=0.00 B, max=13.00 MB, threshold=?
    Memory Pool: PS Old Gen (Heap memory): committed=209.00 MB, used=0.00 B, max=3.27 GB, threshold=0.00 B
    Memory Pool: PS Perm Gen (Non-heap memory): committed=21.00 MB, used=6.12 MB, max=82.00 MB, threshold=0.00 B
2014-06-20 15:32:41.122+0000 INFO  [org.neo4j]: Operating system information:
    Operating System: Linux; version: 3.13.0-29-generic; arch: amd64; cpus: 8
    Max number of file descriptors: 4096
    Number of open file descriptors: 24
    Process id: 3806@ubuntu
    Byte order: LITTLE_ENDIAN
    Local timezone: Europe/Rome
2014-06-20 15:32:41.131+0000 INFO  [org.neo4j]: JVM information:
    VM Name: Java HotSpot(TM) 64-Bit Server VM
    VM Vendor: Oracle Corporation
    VM Version: 24.45-b08
    JIT compiler: HotSpot 64-Bit Tiered Compilers
    VM Arguments: [-Dapp.name=neo4j-shell, -Dapp.pid=3806, -Dapp.repo=/home/pdipietro/gsn/neo4j/lib, -Dbasedir=/home/pdipietro/gsn/neo4j, -Dfile.encoding=UTF-8]
2014-06-20 15:32:41.132+0000 INFO  [org.neo4j]: Java classpath:
     [classpath + loader.0] file:/home/pdipietro/gsn/neo4j/lib/neo4j-graph-algo-2.0.0.jar
     [classpath + loader.0] file:/home/pdipietro/gsn/neo4j/lib/parboiled-scala_2.10-1.1.6.jar
     [bootstrap] /usr/lib/jvm/jdk1.7.0_45/jre/lib/charsets.jar
     [classpath + loader.0] file:/home/pdipietro/gsn/neo4j/lib/neo4j-jmx-2.0.0.jar
     [bootstrap] /usr/lib/jvm/jdk1.7.0_45/jre/lib/sunrsasign.jar
     [loader.1] file:/usr/lib/jvm/jdk1.7.0_45/jre/lib/ext/sunec.jar
     [loader.1] file:/usr/lib/jvm/jdk1.7.0_45/jre/lib/ext/localedata.jar
     [loader.1] file:/usr/lib/jvm/jdk1.7.0_45/jre/lib/ext/dnsns.jar
     [classpath + loader.0] file:/home/pdipietro/gsn/neo4j/lib/neo4j-cypher-compiler-2.0-2.0.0.jar
     [classpath + loader.0] file:/home/pdipietro/gsn/neo4j/lib/neo4j-cypher-commons-2.0.0.jar
     [classpath + loader.0] file:/home/pdipietro/gsn/neo4j/lib/neo4j-cypher-compiler-1.9-2.0.0.jar
     [bootstrap] /usr/lib/jvm/jdk1.7.0_45/jre/lib/jsse.jar
     [classpath + loader.0] file:/home/pdipietro/gsn/neo4j/lib/neo4j-kernel-2.0.0.jar
     [classpath + loader.0] file:/home/pdipietro/gsn/neo4j/lib/concurrentlinkedhashmap-lru-1.3.1.jar
     [loader.1] file:/usr/lib/jvm/jdk1.7.0_45/jre/lib/ext/sunjce_provider.jar
     [classpath + loader.0] file:/home/pdipietro/gsn/neo4j/lib/scala-library-2.10.3.jar
     [loader.1] file:/usr/lib/jvm/jdk1.7.0_45/jre/lib/ext/zipfs.jar
     [classpath + loader.0] file:/home/pdipietro/gsn/neo4j/lib/geronimo-jta_1.1_spec-1.1.1.jar
     [bootstrap] /usr/lib/jvm/jdk1.7.0_45/jre/lib/rt.jar
     [bootstrap] /usr/lib/jvm/jdk1.7.0_45/jre/lib/jce.jar
     [classpath + loader.0] file:/home/pdipietro/gsn/
     [classpath + loader.0] file:/home/pdipietro/gsn/neo4j/lib/parboiled-core-1.1.6.jar
     [classpath + loader.0] file:/home/pdipietro/gsn/neo4j/lib/neo4j-cypher-2.0.0.jar
     [bootstrap] /usr/lib/jvm/jdk1.7.0_45/jre/lib/resources.jar
     [classpath + loader.0] file:/home/pdipietro/gsn/neo4j/lib/neo4j-udc-2.0.0.jar
     [classpath + loader.0] file:/home/pdipietro/gsn/neo4j/lib/neo4j-shell-2.0.0.jar
     [classpath + loader.0] file:/home/pdipietro/gsn/neo4j/lib/lucene-core-3.6.2.jar
     [classpath + loader.0] file:/home/pdipietro/gsn/neo4j/lib/org.apache.servicemix.bundles.jline-0.9.94_1.jar
     [bootstrap] /usr/lib/jvm/jdk1.7.0_45/jre/classes
     [loader.1] file:/usr/lib/jvm/jdk1.7.0_45/jre/lib/ext/sunpkcs11.jar
     [classpath + loader.0] file:/home/pdipietro/gsn/neo4j/lib/neo4j-graph-matching-2.0.0.jar
     [classpath + loader.0] file:/home/pdipietro/gsn/neo4j/lib/server-api-2.0.0.jar
     [bootstrap] /usr/lib/jvm/jdk1.7.0_45/jre/lib/jfr.jar
     [classpath + loader.0] file:/home/pdipietro/gsn/neo4j/lib/neo4j-lucene-index-2.0.0.jar
2014-06-20 15:32:41.136+0000 INFO  [org.neo4j]: Library path:
    /usr/java/packages/lib/amd64
    /usr/lib64
    /lib64
    /lib
    /usr/lib
2014-06-20 15:32:41.137+0000 INFO  [org.neo4j]: System.properties:
    sun.boot.library.path = /usr/lib/jvm/jdk1.7.0_45/jre/lib/amd64
    path.separator = :
    file.encoding.pkg = sun.io
    user.country = US
    sun.java.launcher = SUN_STANDARD
    sun.os.patch.level = unknown
    user.dir = /home/pdipietro/gsn
    basedir = /home/pdipietro/gsn/neo4j
    app.name = neo4j-shell
    sun.jnu.encoding = UTF-8
    app.repo = /home/pdipietro/gsn/neo4j/lib
    sun.management.compiler = HotSpot 64-Bit Tiered Compilers
    user.home = /root
    user.timezone = Europe/Rome
    file.encoding = UTF-8
    user.name = root
    sun.java.command = org.neo4j.shell.StartClient neo4j.properties -path ./neo4j/data/graph.db
    sun.arch.data.model = 64
    user.language = en
    awt.toolkit = sun.awt.X11.XToolkit
    file.separator = /
    sun.io.unicode.encoding = UnicodeLittle
    sun.cpu.endian = little
    app.pid = 3806
    sun.cpu.isalist = 
2014-06-20 15:32:41.138+0000 INFO  [org.neo4j]: Linux scheduler information:
    noop [deadline] cfq 
    noop [deadline] cfq 
    noop [deadline] cfq 
    none
    none
    none
    none
    none
    none
    none
    none
    none
    none
    none
    none
    none
    none
    none
    none
    none
    none
    none
    none
    none
    none
    none
    none
2014-06-20 15:32:41.145+0000 INFO  [org.neo4j]: Network information:
    Interface eth0:
        address: fe80:0:0:0:20c:29ff:fe35:db3d%2
        address: 192.168.10.187
    Interface lo:
        address: 0:0:0:0:0:0:0:1%1
        address: 127.0.0.1
2014-06-20 15:32:41.147+0000 INFO  [org.neo4j]: --- INITIALIZED diagnostics END ---
2014-06-20 15:32:41.401+0000 INFO  [org.neo4j]: [./neo4j/data/graph.db/neostore.relationshiptypestore.db.names] brickCount=0 brickSize=0b mappedMem=0b (storeSize=836b)
2014-06-20 15:32:41.403+0000 INFO  [org.neo4j]: [./neo4j/data/graph.db/neostore.relationshiptypestore.db] brickCount=0 brickSize=0b mappedMem=0b (storeSize=105b)
2014-06-20 15:32:41.404+0000 INFO  [org.neo4j]: [./neo4j/data/graph.db/neostore.labeltokenstore.db.names] brickCount=0 brickSize=0b mappedMem=0b (storeSize=1976b)
2014-06-20 15:32:41.404+0000 INFO  [org.neo4j]: [./neo4j/data/graph.db/neostore.labeltokenstore.db] brickCount=0 brickSize=0b mappedMem=0b (storeSize=255b)
2014-06-20 15:32:41.405+0000 INFO  [org.neo4j]: [./neo4j/data/graph.db/neostore.propertystore.db.strings] brickCount=0 brickSize=1446912b mappedMem=1447034880b (storeSize=1664b)
2014-06-20 15:32:41.405+0000 INFO  [org.neo4j]: [./neo4j/data/graph.db/neostore.propertystore.db.index.keys] brickCount=0 brickSize=0b mappedMem=0b (storeSize=1178b)
2014-06-20 15:32:41.406+0000 INFO  [org.neo4j]: [./neo4j/data/graph.db/neostore.propertystore.db.index] brickCount=0 brickSize=0b mappedMem=0b (storeSize=270b)
2014-06-20 15:32:41.407+0000 INFO  [org.neo4j]: [./neo4j/data/graph.db/neostore.propertystore.db.arrays] brickCount=0 brickSize=1640960b mappedMem=1641021440b (storeSize=256b)
2014-06-20 15:32:41.410+0000 INFO  [org.neo4j]: [./neo4j/data/graph.db/neostore.propertystore.db] brickCount=0 brickSize=1702853b mappedMem=1702887424b (storeSize=53300b)
2014-06-20 15:32:41.413+0000 INFO  [org.neo4j]: [./neo4j/data/graph.db/neostore.relationshipstore.db] brickCount=0 brickSize=2086656b mappedMem=2086666240b (storeSize=48180b)
2014-06-20 15:32:41.413+0000 INFO  [org.neo4j]: [./neo4j/data/graph.db/neostore.nodestore.db.labels] brickCount=0 brickSize=0b mappedMem=0b (storeSize=68b)
2014-06-20 15:32:41.415+0000 INFO  [org.neo4j]: [./neo4j/data/graph.db/neostore.nodestore.db] brickCount=0 brickSize=472906b mappedMem=472907776b (storeSize=14098b)
2014-06-20 15:32:41.417+0000 INFO  [org.neo4j]: [./neo4j/data/graph.db/neostore.schemastore.db] brickCount=0 brickSize=0b mappedMem=0b (storeSize=64b)
2014-06-20 15:32:41.418+0000 INFO  [org.neo4j]: [./neo4j/data/graph.db/neostore] brickCount=0 brickSize=0b mappedMem=0b (storeSize=63b)
2014-06-20 15:32:41.693+0000 INFO  [org.neo4j]: Opened logical log [./neo4j/data/graph.db/nioneo_logical.log.1] version=3, lastTxId=107 (clean)
2014-06-20 15:32:41.703+0000 INFO  [org.neo4j]: TM opening log: ./neo4j/data/graph.db/tm_tx_log.1
2014-06-20 15:32:41.721+0000 INFO  [org.neo4j]: Opened logical log [./neo4j/data/graph.db/index/lucene.log.1] version=3, lastTxId=1 (clean)
2014-06-20 15:32:41.736+0000 INFO  [org.neo4j]: --- STARTED diagnostics for KernelDiagnostics:Versions START ---
2014-06-20 15:32:41.736+0000 INFO  [org.neo4j]: Graph Database: org.neo4j.kernel.EmbeddedGraphDatabase StoreId[time:1403278332285, id:-6765293352000905947, store version: 13843131341501958]
2014-06-20 15:32:41.736+0000 INFO  [org.neo4j]: Kernel version: Neo4j - Graph Database Kernel (neo4j-kernel), version: 2.0.0
2014-06-20 15:32:41.736+0000 INFO  [org.neo4j]: Neo4j component versions:
2014-06-20 15:32:41.744+0000 INFO  [org.neo4j]:   Neo4j - Lucene Index (neo4j-lucene-index), version: 2.0.0; revision: 2.0.0:master:601/5cfc38672446b92062b3bc209d584591968f1a0f
2014-06-20 15:32:41.744+0000 INFO  [org.neo4j]:   Neo4j - JMX support (neo4j-jmx), version: 2.0.0; revision: 2.0.0:master:601/5cfc38672446b92062b3bc209d584591968f1a0f
2014-06-20 15:32:41.744+0000 INFO  [org.neo4j]:   Neo4j - Graph Matching (neo4j-graph-matching), version: 2.0.0; revision: 2.0.0:master:601/5cfc38672446b92062b3bc209d584591968f1a0f
2014-06-20 15:32:41.744+0000 INFO  [org.neo4j]:   Neo4j Server API (server-api), version: 2.0.0; revision: 2.0.0:master:601/5cfc38672446b92062b3bc209d584591968f1a0f
2014-06-20 15:32:41.744+0000 INFO  [org.neo4j]:   Neo4j - Graph Database Kernel (neo4j-kernel), version: 2.0.0; revision: 2.0.0:master:601/5cfc38672446b92062b3bc209d584591968f1a0f
2014-06-20 15:32:41.744+0000 INFO  [org.neo4j]:   Neo4j - Cypher (neo4j-cypher), version: 2.0.0; revision: 2.0.0:master:601/5cfc38672446b92062b3bc209d584591968f1a0f
2014-06-20 15:32:41.744+0000 INFO  [org.neo4j]:   Neo4j - Graph Algorithms (neo4j-graph-algo), version: 2.0.0; revision: 2.0.0:master:601/5cfc38672446b92062b3bc209d584591968f1a0f
2014-06-20 15:32:41.745+0000 INFO  [org.neo4j]:   Neo4j - Cypher Compiler 2.0 (neo4j-cypher-compiler-2.0), version: 2.0.0; revision: 2.0.0:master:601/5cfc38672446b92062b3bc209d584591968f1a0f
2014-06-20 15:32:41.745+0000 INFO  [org.neo4j]:   Neo4j - Generic shell (neo4j-shell), version: 2.0.0; revision: 2.0.0:master:601/5cfc38672446b92062b3bc209d584591968f1a0f
2014-06-20 15:32:41.745+0000 INFO  [org.neo4j]:   Neo4j - Cypher Compiler 1.9 (neo4j-cypher-compiler-1.9), version: 2.0.0; revision: 2.0.0:master:601/5cfc38672446b92062b3bc209d584591968f1a0f
2014-06-20 15:32:41.745+0000 INFO  [org.neo4j]:   neo4j-udc, version: 2.0.0; revision: 2.0.0:master:601/5cfc38672446b92062b3bc209d584591968f1a0f
2014-06-20 15:32:41.745+0000 INFO  [org.neo4j]:   Neo4j - Cypher Commons (neo4j-cypher-commons), version: 2.0.0; revision: 2.0.0:master:601/5cfc38672446b92062b3bc209d584591968f1a0f
2014-06-20 15:32:41.745+0000 INFO  [org.neo4j]: --- STARTED diagnostics for KernelDiagnostics:Versions END ---
2014-06-20 15:32:41.748+0000 INFO  [org.neo4j]: --- STARTED diagnostics for NEO_STORE_VERSIONS START ---
2014-06-20 15:32:41.749+0000 INFO  [org.neo4j]: Store versions:
    Store versions:
      NeoStore v0.A.1
      SchemaStore v0.A.1
      NodeStore v0.A.1
      RelationshipStore v0.A.1
      RelationshipTypeStore v0.A.1
      LabelTokenStore v0.A.1
      PropertyStore v0.A.1
      PropertyIndexStore v0.A.1
      StringPropertyStore v0.A.1
      ArrayPropertyStore v0.A.1
2014-06-20 15:32:41.749+0000 INFO  [org.neo4j]: --- STARTED diagnostics for NEO_STORE_VERSIONS END ---
2014-06-20 15:32:41.749+0000 INFO  [org.neo4j]: --- STARTED diagnostics for NEO_STORE_ID_USAGE START ---
2014-06-20 15:32:41.749+0000 INFO  [org.neo4j]: Id usage:
    Id usage:
      SchemaStore: used=1 high=0
      NodeStore: used=1007 high=1006
      RelationshipStore: used=1460 high=1459
      RelationshipTypeStore: used=21 high=20
      LabelTokenStore: used=51 high=50
      PropertyStore: used=1300 high=1299
      PropertyIndexStore: used=30 high=29
      StringPropertyStore: used=13 high=12
      ArrayPropertyStore: used=2 high=1
2014-06-20 15:32:41.750+0000 INFO  [org.neo4j]: --- STARTED diagnostics for NEO_STORE_ID_USAGE END ---
2014-06-20 15:32:41.751+0000 INFO  [org.neo4j]: --- STARTED diagnostics for PERSISTENCE_WINDOW_POOL_STATS START ---
2014-06-20 15:32:41.751+0000 INFO  [org.neo4j]: --- STARTED diagnostics for PERSISTENCE_WINDOW_POOL_STATS END ---
2014-06-20 15:32:41.751+0000 INFO  [org.neo4j]: --- STARTED diagnostics for KernelDiagnostics:StoreFiles START ---
2014-06-20 15:32:41.751+0000 INFO  [org.neo4j]: Disk space on partition (Total / Free / Free %): 25230176256 / 13059158016 / 51
Storage files: (filename : modification date - size)
      nioneo_logical.log.v0: 2014-06-20T17:32:25+0200 - 151.41 kB
      neostore.propertystore.db.index.id: 2014-06-20T17:32:41+0200 - 9.00 B
      neostore.labeltokenstore.db.names.id: 2014-06-20T17:32:41+0200 - 9.00 B
      neostore.propertystore.db.index: 2014-06-20T17:32:41+0200 - 270.00 B
      neostore.nodestore.db.labels.id: 2014-06-20T17:32:41+0200 - 9.00 B
      neostore.propertystore.db.index.keys: 2014-06-20T17:32:41+0200 - 1.15 kB
      tm_tx_log.1: 2014-06-20T17:32:41+0200 - 0.00 B
      lock: 2014-06-20T17:32:41+0200 - 0.00 B
      neostore.propertystore.db.arrays.id: 2014-06-20T17:32:41+0200 - 9.00 B
      neostore.nodestore.db.id: 2014-06-20T17:32:41+0200 - 9.00 B
      nioneo_logical.log.1: 2014-06-20T17:32:41+0200 - 16.00 B
      neostore.relationshiptypestore.db.names: 2014-06-20T17:32:41+0200 - 836.00 B
      neostore.propertystore.db: 2014-06-20T17:32:41+0200 - 52.05 kB
      nioneo_logical.log.active: 2014-06-20T17:32:41+0200 - 4.00 B
      neostore.schemastore.db.id: 2014-06-20T17:32:41+0200 - 9.00 B
      neostore.relationshiptypestore.db.names.id: 2014-06-20T17:32:41+0200 - 9.00 B
      neostore: 2014-06-20T17:32:41+0200 - 63.00 B
      active_tx_log: 2014-06-20T17:32:12+0200 - 11.00 B
      neostore.propertystore.db.strings: 2014-06-20T17:32:41+0200 - 1.63 kB
      nioneo_logical.log.v2: 2014-06-20T17:32:40+0200 - 3.25 kB
      neostore.propertystore.db.arrays: 2014-06-20T17:32:41+0200 - 256.00 B
      schema:
        label:
          lucene:
            _2.tis: 2014-06-20T17:32:36+0200 - 111.00 B
            _1.fdt: 2014-06-20T17:32:25+0200 - 84.00 B
            _1_1.del: 2014-06-20T17:32:36+0200 - 31.00 B
            _3.tis: 2014-06-20T17:32:36+0200 - 104.00 B
            _3.fdt: 2014-06-20T17:32:36+0200 - 166.00 B
            _4.tii: 2014-06-20T17:32:36+0200 - 35.00 B
            _0.fdx: 2014-06-20T17:32:16+0200 - 52.00 B
            _2.nrm: 2014-06-20T17:32:36+0200 - 4.00 B
            _2_1.del: 2014-06-20T17:32:36+0200 - 32.00 B
            _5.tii: 2014-06-20T17:32:40+0200 - 35.00 B
            _0.frq: 2014-06-20T17:32:16+0200 - 81.00 B
            _1.tis: 2014-06-20T17:32:25+0200 - 95.00 B
            _4.frq: 2014-06-20T17:32:36+0200 - 23.00 B
            _3_1.del: 2014-06-20T17:32:36+0200 - 32.00 B
            _1.frq: 2014-06-20T17:32:25+0200 - 14.00 B
            write.lock: 2014-06-20T17:32:41+0200 - 0.00 B
            _5.tis: 2014-06-20T17:32:40+0200 - 47.00 B
            _1.fdx: 2014-06-20T17:32:25+0200 - 36.00 B
            _2.fdx: 2014-06-20T17:32:36+0200 - 76.00 B
            _3.nrm: 2014-06-20T17:32:36+0200 - 4.00 B
            _3.tii: 2014-06-20T17:32:36+0200 - 35.00 B
            _0_1.del: 2014-06-20T17:32:25+0200 - 31.00 B
            _3.fdx: 2014-06-20T17:32:36+0200 - 76.00 B
            _2.frq: 2014-06-20T17:32:36+0200 - 28.00 B
            _4.fdx: 2014-06-20T17:32:36+0200 - 68.00 B
            _5.fdt: 2014-06-20T17:32:40+0200 - 22.00 B
            _4_1.del: 2014-06-20T17:32:40+0200 - 31.00 B
            _1.fnm: 2014-06-20T17:32:25+0200 - 214.00 B
            _5.fdx: 2014-06-20T17:32:40+0200 - 12.00 B
            segments_3: 2014-06-20T17:32:40+0200 - 1.31 kB
            _0.nrm: 2014-06-20T17:32:16+0200 - 4.00 B
            _4.nrm: 2014-06-20T17:32:36+0200 - 4.00 B
            segments.gen: 2014-06-20T17:32:40+0200 - 20.00 B
            _2.tii: 2014-06-20T17:32:36+0200 - 35.00 B
            _3.frq: 2014-06-20T17:32:36+0200 - 27.00 B
            _0.fdt: 2014-06-20T17:32:16+0200 - 484.00 B
            _0.fnm: 2014-06-20T17:32:16+0200 - 206.00 B
            _1.tii: 2014-06-20T17:32:25+0200 - 35.00 B
            _0.tis: 2014-06-20T17:32:16+0200 - 409.00 B
            _0.tii: 2014-06-20T17:32:16+0200 - 35.00 B
            _4.fdt: 2014-06-20T17:32:36+0200 - 142.00 B
            _5.fnm: 2014-06-20T17:32:40+0200 - 214.00 B
            _5.frq: 2014-06-20T17:32:40+0200 - 3.00 B
            _4.tis: 2014-06-20T17:32:36+0200 - 97.00 B
            _2.fnm: 2014-06-20T17:32:36+0200 - 214.00 B
            _5.nrm: 2014-06-20T17:32:40+0200 - 4.00 B
            _2.fdt: 2014-06-20T17:32:36+0200 - 170.00 B
            _4.fnm: 2014-06-20T17:32:36+0200 - 214.00 B
            _1.nrm: 2014-06-20T17:32:25+0200 - 4.00 B
            _3.fnm: 2014-06-20T17:32:36+0200 - 214.00 B
          - Total: 2014-06-20T17:32:41+0200 - 5.33 kB
        - Total: 2014-06-20T17:32:12+0200 - 5.33 kB
      - Total: 2014-06-20T17:32:12+0200 - 5.33 kB
      store_lock: 2014-06-20T17:32:12+0200 - 0.00 B
      neostore.relationshiptypestore.db: 2014-06-20T17:32:41+0200 - 105.00 B
      neostore.propertystore.db.id: 2014-06-20T17:32:41+0200 - 9.00 B
      neostore.labeltokenstore.db.names: 2014-06-20T17:32:41+0200 - 1.93 kB
      neostore.propertystore.db.strings.id: 2014-06-20T17:32:41+0200 - 9.00 B
      neostore.relationshipstore.db: 2014-06-20T17:32:41+0200 - 47.05 kB
      neostore.labeltokenstore.db.id: 2014-06-20T17:32:41+0200 - 9.00 B
      neostore.labeltokenstore.db: 2014-06-20T17:32:41+0200 - 255.00 B
      neostore.nodestore.db.labels: 2014-06-20T17:32:41+0200 - 68.00 B
      messages.log: 2014-06-20T17:32:41+0200 - 81.15 kB
      nioneo_logical.log.v1: 2014-06-20T17:32:36+0200 - 160.53 kB
      neostore.propertystore.db.index.keys.id: 2014-06-20T17:32:41+0200 - 9.00 B
      neostore.relationshiptypestore.db.id: 2014-06-20T17:32:41+0200 - 9.00 B
      neostore.id: 2014-06-20T17:32:41+0200 - 9.00 B
      neostore.nodestore.db: 2014-06-20T17:32:41+0200 - 13.77 kB
      neostore.relationshipstore.db.id: 2014-06-20T17:32:41+0200 - 9.00 B
      index:
        lucene.log.v2: 2014-06-20T17:32:40+0200 - 16.00 B
        lucene.log.v0: 2014-06-20T17:32:25+0200 - 16.00 B
        lucene-store.db: 2014-06-20T17:32:40+0200 - 40.00 B
        lucene.log.1: 2014-06-20T17:32:41+0200 - 16.00 B
        lucene.log.active: 2014-06-20T17:32:41+0200 - 4.00 B
        lucene.log.v1: 2014-06-20T17:32:36+0200 - 16.00 B
      - Total: 2014-06-20T17:32:41+0200 - 108.00 B
      neostore.schemastore.db: 2014-06-20T17:32:41+0200 - 64.00 B
2014-06-20 15:32:41.788+0000 INFO  [org.neo4j]: --- STARTED diagnostics for KernelDiagnostics:StoreFiles END ---
2014-06-20 15:32:41.823+0000 INFO  [org.neo4j]: GC Monitor started. 
2014-06-20 15:32:41.852+0000 INFO  [org.neo4j]: Database is now ready
2014-06-20 15:32:45.915+0000 INFO  [org.neo4j]: Shutdown started
2014-06-20 15:32:45.916+0000 INFO  [org.neo4j]: Database is now unavailable
2014-06-20 15:32:45.917+0000 INFO  [org.neo4j]: GC Monitor stopped. 
2014-06-20 15:32:45.926+0000 INFO  [org.neo4j]: Closed log ./neo4j/data/graph.db/index/lucene.log
2014-06-20 15:32:45.933+0000 INFO  [org.neo4j]: TM shutting down
2014-06-20 15:32:45.995+0000 INFO  [org.neo4j]: Closed log ./neo4j/data/graph.db/nioneo_logical.log
2014-06-20 15:32:46.002+0000 INFO  [org.neo4j]: ./neo4j/data/graph.db/neostore.relationshiptypestore.db.names hit=0 miss=42 switches=0 ooe=0
2014-06-20 15:32:46.014+0000 INFO  [org.neo4j]: ./neo4j/data/graph.db/neostore.relationshiptypestore.db hit=0 miss=21 switches=0 ooe=0
2014-06-20 15:32:46.025+0000 INFO  [org.neo4j]: ./neo4j/data/graph.db/neostore.labeltokenstore.db.names hit=0 miss=102 switches=0 ooe=0
2014-06-20 15:32:46.030+0000 INFO  [org.neo4j]: ./neo4j/data/graph.db/neostore.labeltokenstore.db hit=0 miss=51 switches=0 ooe=0
2014-06-20 15:32:46.040+0000 INFO  [org.neo4j]: ./neo4j/data/graph.db/neostore.propertystore.db.strings hit=0 miss=0 switches=0 ooe=0
2014-06-20 15:32:46.054+0000 INFO  [org.neo4j]: ./neo4j/data/graph.db/neostore.propertystore.db.index.keys hit=0 miss=60 switches=0 ooe=0
2014-06-20 15:32:46.064+0000 INFO  [org.neo4j]: ./neo4j/data/graph.db/neostore.propertystore.db.index hit=0 miss=30 switches=0 ooe=0
2014-06-20 15:32:46.073+0000 INFO  [org.neo4j]: ./neo4j/data/graph.db/neostore.propertystore.db.arrays hit=0 miss=0 switches=0 ooe=0
2014-06-20 15:32:46.081+0000 INFO  [org.neo4j]: ./neo4j/data/graph.db/neostore.propertystore.db hit=1483 miss=0 switches=0 ooe=0
2014-06-20 15:32:46.095+0000 INFO  [org.neo4j]: ./neo4j/data/graph.db/neostore.relationshipstore.db hit=210 miss=0 switches=0 ooe=0
2014-06-20 15:32:46.103+0000 INFO  [org.neo4j]: ./neo4j/data/graph.db/neostore.nodestore.db.labels hit=0 miss=0 switches=0 ooe=0
2014-06-20 15:32:46.113+0000 INFO  [org.neo4j]: ./neo4j/data/graph.db/neostore.nodestore.db hit=2224 miss=0 switches=0 ooe=0
2014-06-20 15:32:46.123+0000 INFO  [org.neo4j]: ./neo4j/data/graph.db/neostore.schemastore.db hit=0 miss=0 switches=0 ooe=0
2014-06-20 15:32:46.129+0000 INFO  [org.neo4j]: ./neo4j/data/graph.db/neostore hit=0 miss=18 switches=0 ooe=0
2014-06-20 15:32:46.138+0000 INFO  [org.neo4j]: NeoStore closed
2014-06-20 15:32:46.138+0000 INFO  [org.neo4j]: --- STOPPING diagnostics START ---
2014-06-20 15:32:46.138+0000 INFO  [org.neo4j]: --- STOPPING diagnostics END ---
